Using pre-set license
Built from '2021.3/staging' branch; Version is '2021.3.24f1 (cf10dcf7010d) revision 13570268'; Using compiler version '192829333'; Build Type 'Release'
OS: 'Windows 11  (10.0.22621) 64bit Core' Language: 'en' Physical Memory: 16236 MB
BatchMode: 1, IsHumanControllingUs: 0, StartBugReporterOnCrash: 0, Is64bit: 1, IsPro: 1

COMMAND LINE ARGUMENTS:
C:\Program Files\Unity\Hub\Editor\2021.3.24f1\Editor\Unity.exe
-adb2
-batchMode
-noUpm
-name
AssetImportWorker2
-projectPath
D:/Documents/Code/Personal-Projects/curly-unity-starter
-logFile
Logs/AssetImportWorker2.log
-srvPort
61230
Successfully changed project path to: D:/Documents/Code/Personal-Projects/curly-unity-starter
D:/Documents/Code/Personal-Projects/curly-unity-starter
[UnityMemory] Configuration Parameters - Can be set up in boot.config
    "memorysetup-bucket-allocator-granularity=16"
    "memorysetup-bucket-allocator-bucket-count=8"
    "memorysetup-bucket-allocator-block-size=33554432"
    "memorysetup-bucket-allocator-block-count=8"
    "memorysetup-main-allocator-block-size=16777216"
    "memorysetup-thread-allocator-block-size=16777216"
    "memorysetup-gfx-main-allocator-block-size=16777216"
    "memorysetup-gfx-thread-allocator-block-size=16777216"
    "memorysetup-cache-allocator-block-size=4194304"
    "memorysetup-typetree-allocator-block-size=2097152"
    "memorysetup-profiler-bucket-allocator-granularity=16"
    "memorysetup-profiler-bucket-allocator-bucket-count=8"
    "memorysetup-profiler-bucket-allocator-block-size=33554432"
    "memorysetup-profiler-bucket-allocator-block-count=8"
    "memorysetup-profiler-allocator-block-size=16777216"
    "memorysetup-profiler-editor-allocator-block-size=1048576"
    "memorysetup-temp-allocator-size-main=16777216"
    "memorysetup-job-temp-allocator-block-size=2097152"
    "memorysetup-job-temp-allocator-block-size-background=1048576"
    "memorysetup-job-temp-allocator-reduction-small-platforms=262144"
    "memorysetup-temp-allocator-size-background-worker=32768"
    "memorysetup-temp-allocator-size-job-worker=262144"
    "memorysetup-temp-allocator-size-preload-manager=33554432"
    "memorysetup-temp-allocator-size-nav-mesh-worker=65536"
    "memorysetup-temp-allocator-size-audio-worker=65536"
    "memorysetup-temp-allocator-size-cloud-worker=32768"
    "memorysetup-temp-allocator-size-gi-baking-worker=262144"
    "memorysetup-temp-allocator-size-gfx=262144"
Player connection [23280] Host "[IP] 192.168.254.132 [Port] 0 [Flags] 2 [Guid] 1833052164 [EditorId] 1833052164 [Version] 1048832 [Id] WindowsEditor(7,LAPTOP-K58UBCE4) [Debug] 1 [PackageName] WindowsEditor [ProjectName] Editor" joined multi-casting on [225.0.0.222:54997]...

Player connection [23280] Host "[IP] 192.168.254.132 [Port] 0 [Flags] 2 [Guid] 1833052164 [EditorId] 1833052164 [Version] 1048832 [Id] WindowsEditor(7,LAPTOP-K58UBCE4) [Debug] 1 [PackageName] WindowsEditor [ProjectName] Editor" joined alternative multi-casting on [225.0.0.222:34997]...

Refreshing native plugins compatible for Editor in 115.55 ms, found 2 plugins.
Preloading 0 native plugins for Editor in 0.00 ms.
Initialize engine version: 2021.3.24f1 (cf10dcf7010d)
[Subsystems] Discovering subsystems at path C:/Program Files/Unity/Hub/Editor/2021.3.24f1/Editor/Data/Resources/UnitySubsystems
[Subsystems] Discovering subsystems at path D:/Documents/Code/Personal-Projects/curly-unity-starter/Assets
GfxDevice: creating device client; threaded=0; jobified=0
Direct3D:
    Version:  Direct3D 11.0 [level 11.1]
    Renderer: NVIDIA GeForce RTX 3060 Laptop GPU (ID=0x2560)
    Vendor:   NVIDIA
    VRAM:     6009 MB
    Driver:   31.0.15.2799
Initialize mono
Mono path[0] = 'C:/Program Files/Unity/Hub/Editor/2021.3.24f1/Editor/Data/Managed'
Mono path[1] = 'C:/Program Files/Unity/Hub/Editor/2021.3.24f1/Editor/Data/MonoBleedingEdge/lib/mono/unityjit-win32'
Mono config path = 'C:/Program Files/Unity/Hub/Editor/2021.3.24f1/Editor/Data/MonoBleedingEdge/etc'
Using monoOptions --debugger-agent=transport=dt_socket,embedding=1,server=y,suspend=n,address=127.0.0.1:56480
Begin MonoManager ReloadAssembly
Registering precompiled unity dll's ...
Register platform support module: C:/Program Files/Unity/Hub/Editor/2021.3.24f1/Editor/Data/PlaybackEngines/WindowsStandaloneSupport/UnityEditor.WindowsStandalone.Extensions.dll
Registered in 0.004453 seconds.
Native extension for WindowsStandalone target not found
Refreshing native plugins compatible for Editor in 108.75 ms, found 2 plugins.
Preloading 0 native plugins for Editor in 0.00 ms.
Mono: successfully reloaded assembly
- Completed reload, in  0.625 seconds
Domain Reload Profiling:
	ReloadAssembly (625ms)
		BeginReloadAssembly (81ms)
			ExecutionOrderSort (0ms)
			DisableScriptedObjects (0ms)
			BackupInstance (0ms)
			ReleaseScriptingObjects (0ms)
			CreateAndSetChildDomain (1ms)
		EndReloadAssembly (460ms)
			LoadAssemblies (79ms)
			RebuildTransferFunctionScriptingTraits (0ms)
			SetupTypeCache (95ms)
			ReleaseScriptCaches (0ms)
			RebuildScriptCaches (26ms)
			SetupLoadedEditorAssemblies (296ms)
				LogAssemblyErrors (0ms)
				InitializePlatformSupportModulesInManaged (6ms)
				SetLoadedEditorAssemblies (0ms)
				RefreshPlugins (109ms)
				BeforeProcessingInitializeOnLoad (1ms)
				ProcessInitializeOnLoadAttributes (133ms)
				ProcessInitializeOnLoadMethodAttributes (47ms)
				AfterProcessingInitializeOnLoad (0ms)
				EditorAssembliesLoaded (0ms)
			ExecutionOrderSort2 (0ms)
			AwakeInstancesAfterBackupRestoration (0ms)
Platform modules already initialized, skipping
Registering precompiled user dll's ...
Registered in 0.003643 seconds.
Begin MonoManager ReloadAssembly
Symbol file LoadedFromMemory doesn't match image D:\Documents\Code\Personal-Projects\curly-unity-starter\Library\PackageCache\com.unity.visualscripting@1.8.0\Editor\VisualScripting.Core\Dependencies\YamlDotNet\Unity.VisualScripting.YamlDotNet.dll
Symbol file LoadedFromMemory doesn't match image D:\Documents\Code\Personal-Projects\curly-unity-starter\Library\PackageCache\com.unity.visualscripting@1.8.0\Editor\VisualScripting.Core\Dependencies\DotNetZip\Unity.VisualScripting.IonicZip.dll
Native extension for WindowsStandalone target not found
Refreshing native plugins compatible for Editor in 149.71 ms, found 2 plugins.
Preloading 0 native plugins for Editor in 0.00 ms.
Mono: successfully reloaded assembly
- Completed reload, in  1.250 seconds
Domain Reload Profiling:
	ReloadAssembly (1251ms)
		BeginReloadAssembly (103ms)
			ExecutionOrderSort (0ms)
			DisableScriptedObjects (4ms)
			BackupInstance (0ms)
			ReleaseScriptingObjects (0ms)
			CreateAndSetChildDomain (18ms)
		EndReloadAssembly (1061ms)
			LoadAssemblies (86ms)
			RebuildTransferFunctionScriptingTraits (0ms)
			SetupTypeCache (245ms)
			ReleaseScriptCaches (1ms)
			RebuildScriptCaches (56ms)
			SetupLoadedEditorAssemblies (639ms)
				LogAssemblyErrors (0ms)
				InitializePlatformSupportModulesInManaged (10ms)
				SetLoadedEditorAssemblies (0ms)
				RefreshPlugins (150ms)
				BeforeProcessingInitializeOnLoad (113ms)
				ProcessInitializeOnLoadAttributes (230ms)
				ProcessInitializeOnLoadMethodAttributes (129ms)
				AfterProcessingInitializeOnLoad (6ms)
				EditorAssembliesLoaded (0ms)
			ExecutionOrderSort2 (0ms)
			AwakeInstancesAfterBackupRestoration (6ms)
Platform modules already initialized, skipping
========================================================================
Worker process is ready to serve import requests
Launched and connected shader compiler UnityShaderCompiler.exe after 0.08 seconds
Refreshing native plugins compatible for Editor in 1.64 ms, found 2 plugins.
Preloading 0 native plugins for Editor in 0.00 ms.
Unloading 5752 Unused Serialized files (Serialized files now loaded: 0)
Unloading 53 unused Assets / (1.3 MB). Loaded Objects now: 6204.
Memory consumption went from 225.8 MB to 224.5 MB.
Total: 3.804300 ms (FindLiveObjects: 0.412500 ms CreateObjectMapping: 0.140400 ms MarkObjects: 2.787300 ms  DeleteObjects: 0.463200 ms)

AssetImportParameters requested are different than current active one (requested -> active):
  custom:video-decoder-ogg-theora: a1e56fd34408186e4bbccfd4996cb3dc -> 
  custom:container-muxer-webm: aa71ff27fc2769a1b78a27578f13a17b -> 
  custom:container-demuxer-webm: 4f35f7cbe854078d1ac9338744f61a02 -> 
  custom:video-encoder-webm-vp8: eb34c28f22e8b96e1ab97ce403110664 -> 
  custom:video-codec-MediaFoundation-h265: 746d11721c4dcdbdad8f713fa42b33f4 -> 
  custom:audio-encoder-webm-vorbis: bf7c407c2cedff20999df2af8eb42d56 -> 
  custom:framework-win-MediaFoundation: 216162199b28c13a410421893ffa2e32 -> 
  custom:container-demuxer-ogg: 62fdf1f143b41e24485cea50d1cbac27 -> 
  custom:video-decoder-webm-vp8: 9c59270c3fd7afecdb556c50c9e8de78 -> 
  custom:audio-decoder-ogg-vorbis: bf7c407c2cedff20999df2af8eb42d56 -> 
========================================================================
Received Prepare
Registering precompiled user dll's ...
Registered in 0.004121 seconds.
Begin MonoManager ReloadAssembly
Symbol file LoadedFromMemory doesn't match image D:\Documents\Code\Personal-Projects\curly-unity-starter\Library\PackageCache\com.unity.visualscripting@1.8.0\Editor\VisualScripting.Core\Dependencies\YamlDotNet\Unity.VisualScripting.YamlDotNet.dll
Symbol file LoadedFromMemory doesn't match image D:\Documents\Code\Personal-Projects\curly-unity-starter\Library\PackageCache\com.unity.visualscripting@1.8.0\Editor\VisualScripting.Core\Dependencies\DotNetZip\Unity.VisualScripting.IonicZip.dll
Native extension for WindowsStandalone target not found
Refreshing native plugins compatible for Editor in 1.24 ms, found 2 plugins.
Preloading 0 native plugins for Editor in 0.00 ms.
Mono: successfully reloaded assembly
- Completed reload, in  1.037 seconds
Domain Reload Profiling:
	ReloadAssembly (1037ms)
		BeginReloadAssembly (149ms)
			ExecutionOrderSort (0ms)
			DisableScriptedObjects (9ms)
			BackupInstance (0ms)
			ReleaseScriptingObjects (0ms)
			CreateAndSetChildDomain (43ms)
		EndReloadAssembly (792ms)
			LoadAssemblies (100ms)
			RebuildTransferFunctionScriptingTraits (0ms)
			SetupTypeCache (231ms)
			ReleaseScriptCaches (2ms)
			RebuildScriptCaches (56ms)
			SetupLoadedEditorAssemblies (375ms)
				LogAssemblyErrors (0ms)
				InitializePlatformSupportModulesInManaged (5ms)
				SetLoadedEditorAssemblies (0ms)
				RefreshPlugins (1ms)
				BeforeProcessingInitializeOnLoad (81ms)
				ProcessInitializeOnLoadAttributes (192ms)
				ProcessInitializeOnLoadMethodAttributes (88ms)
				AfterProcessingInitializeOnLoad (6ms)
				EditorAssembliesLoaded (0ms)
			ExecutionOrderSort2 (0ms)
			AwakeInstancesAfterBackupRestoration (7ms)
Platform modules already initialized, skipping
Refreshing native plugins compatible for Editor in 3.27 ms, found 2 plugins.
Preloading 0 native plugins for Editor in 0.00 ms.
Unloading 5673 Unused Serialized files (Serialized files now loaded: 0)
Unloading 38 unused Assets / (1.2 MB). Loaded Objects now: 6207.
Memory consumption went from 218.0 MB to 216.7 MB.
Total: 5.519700 ms (FindLiveObjects: 0.449600 ms CreateObjectMapping: 0.422900 ms MarkObjects: 4.073500 ms  DeleteObjects: 0.571800 ms)

AssetImportParameters requested are different than current active one (requested -> active):
  custom:video-decoder-ogg-theora: a1e56fd34408186e4bbccfd4996cb3dc -> 
  custom:container-muxer-webm: aa71ff27fc2769a1b78a27578f13a17b -> 
  custom:container-demuxer-webm: 4f35f7cbe854078d1ac9338744f61a02 -> 
  custom:video-encoder-webm-vp8: eb34c28f22e8b96e1ab97ce403110664 -> 
  custom:video-codec-MediaFoundation-h265: 746d11721c4dcdbdad8f713fa42b33f4 -> 
  custom:audio-encoder-webm-vorbis: bf7c407c2cedff20999df2af8eb42d56 -> 
  custom:framework-win-MediaFoundation: 216162199b28c13a410421893ffa2e32 -> 
  custom:container-demuxer-ogg: 62fdf1f143b41e24485cea50d1cbac27 -> 
  custom:video-decoder-webm-vp8: 9c59270c3fd7afecdb556c50c9e8de78 -> 
  custom:audio-decoder-ogg-vorbis: bf7c407c2cedff20999df2af8eb42d56 -> 
========================================================================
Received Import Request.
  Time since last request: 564340.170145 seconds.
  path: Assets/Code/Utility/Utility.asmdef
  artifactKey: Guid(8d71123879b899e4987953374246d528) Importer(815301076,1909f56bfc062723c751e8b465ee728b)
Start importing Assets/Code/Utility/Utility.asmdef using Guid(8d71123879b899e4987953374246d528) Importer(815301076,1909f56bfc062723c751e8b465ee728b)  -> (artifact id: 'a7cd14725486c6c8b9b8242620c164ba') in 0.033578 seconds 
========================================================================
Received Prepare
Registering precompiled user dll's ...
Registered in 0.004710 seconds.
Begin MonoManager ReloadAssembly
Symbol file LoadedFromMemory doesn't match image D:\Documents\Code\Personal-Projects\curly-unity-starter\Library\PackageCache\com.unity.visualscripting@1.8.0\Editor\VisualScripting.Core\Dependencies\YamlDotNet\Unity.VisualScripting.YamlDotNet.dll
Symbol file LoadedFromMemory doesn't match image D:\Documents\Code\Personal-Projects\curly-unity-starter\Library\PackageCache\com.unity.visualscripting@1.8.0\Editor\VisualScripting.Core\Dependencies\DotNetZip\Unity.VisualScripting.IonicZip.dll
Native extension for WindowsStandalone target not found
Refreshing native plugins compatible for Editor in 1.14 ms, found 2 plugins.
Preloading 0 native plugins for Editor in 0.00 ms.
Mono: successfully reloaded assembly
- Completed reload, in  1.008 seconds
Domain Reload Profiling:
	ReloadAssembly (1008ms)
		BeginReloadAssembly (142ms)
			ExecutionOrderSort (0ms)
			DisableScriptedObjects (7ms)
			BackupInstance (0ms)
			ReleaseScriptingObjects (0ms)
			CreateAndSetChildDomain (45ms)
		EndReloadAssembly (776ms)
			LoadAssemblies (97ms)
			RebuildTransferFunctionScriptingTraits (0ms)
			SetupTypeCache (203ms)
			ReleaseScriptCaches (2ms)
			RebuildScriptCaches (45ms)
			SetupLoadedEditorAssemblies (400ms)
				LogAssemblyErrors (0ms)
				InitializePlatformSupportModulesInManaged (5ms)
				SetLoadedEditorAssemblies (0ms)
				RefreshPlugins (1ms)
				BeforeProcessingInitializeOnLoad (89ms)
				ProcessInitializeOnLoadAttributes (210ms)
				ProcessInitializeOnLoadMethodAttributes (88ms)
				AfterProcessingInitializeOnLoad (7ms)
				EditorAssembliesLoaded (0ms)
			ExecutionOrderSort2 (0ms)
			AwakeInstancesAfterBackupRestoration (7ms)
Platform modules already initialized, skipping
Refreshing native plugins compatible for Editor in 3.54 ms, found 2 plugins.
Preloading 0 native plugins for Editor in 0.00 ms.
Unloading 5673 Unused Serialized files (Serialized files now loaded: 0)
Unloading 38 unused Assets / (1.2 MB). Loaded Objects now: 6210.
Memory consumption went from 218.0 MB to 216.8 MB.
Total: 5.715300 ms (FindLiveObjects: 0.761000 ms CreateObjectMapping: 0.318300 ms MarkObjects: 4.016500 ms  DeleteObjects: 0.618400 ms)

AssetImportParameters requested are different than current active one (requested -> active):
  custom:video-decoder-ogg-theora: a1e56fd34408186e4bbccfd4996cb3dc -> 
  custom:container-muxer-webm: aa71ff27fc2769a1b78a27578f13a17b -> 
  custom:container-demuxer-webm: 4f35f7cbe854078d1ac9338744f61a02 -> 
  custom:video-encoder-webm-vp8: eb34c28f22e8b96e1ab97ce403110664 -> 
  custom:video-codec-MediaFoundation-h265: 746d11721c4dcdbdad8f713fa42b33f4 -> 
  custom:audio-encoder-webm-vorbis: bf7c407c2cedff20999df2af8eb42d56 -> 
  custom:framework-win-MediaFoundation: 216162199b28c13a410421893ffa2e32 -> 
  custom:container-demuxer-ogg: 62fdf1f143b41e24485cea50d1cbac27 -> 
  custom:video-decoder-webm-vp8: 9c59270c3fd7afecdb556c50c9e8de78 -> 
  custom:audio-decoder-ogg-vorbis: bf7c407c2cedff20999df2af8eb42d56 -> 
========================================================================
Received Import Request.
  Time since last request: 7.319127 seconds.
  path: Assets/Code/Utility/Utility.asmdef
  artifactKey: Guid(8d71123879b899e4987953374246d528) Importer(815301076,1909f56bfc062723c751e8b465ee728b)
Start importing Assets/Code/Utility/Utility.asmdef using Guid(8d71123879b899e4987953374246d528) Importer(815301076,1909f56bfc062723c751e8b465ee728b)  -> (artifact id: '1c0149c433196e88137bdfb5e0d0b780') in 0.012591 seconds 
========================================================================
Received Import Request.
  Time since last request: 12.488308 seconds.
  path: Assets/Editor/Editor.asmdef
  artifactKey: Guid(b45178e8935f1b443967ba52fb8915ff) Importer(815301076,1909f56bfc062723c751e8b465ee728b)
Start importing Assets/Editor/Editor.asmdef using Guid(b45178e8935f1b443967ba52fb8915ff) Importer(815301076,1909f56bfc062723c751e8b465ee728b)  -> (artifact id: '15861c39a6909fbe4b25e2763a16f9a3') in 0.013240 seconds 
========================================================================
Received Prepare
Registering precompiled user dll's ...
Registered in 0.003691 seconds.
Begin MonoManager ReloadAssembly
Symbol file LoadedFromMemory doesn't match image D:\Documents\Code\Personal-Projects\curly-unity-starter\Library\PackageCache\com.unity.visualscripting@1.8.0\Editor\VisualScripting.Core\Dependencies\YamlDotNet\Unity.VisualScripting.YamlDotNet.dll
Symbol file LoadedFromMemory doesn't match image D:\Documents\Code\Personal-Projects\curly-unity-starter\Library\PackageCache\com.unity.visualscripting@1.8.0\Editor\VisualScripting.Core\Dependencies\DotNetZip\Unity.VisualScripting.IonicZip.dll
Native extension for WindowsStandalone target not found
Refreshing native plugins compatible for Editor in 1.18 ms, found 2 plugins.
Preloading 0 native plugins for Editor in 0.00 ms.
Mono: successfully reloaded assembly
- Completed reload, in  0.956 seconds
Domain Reload Profiling:
	ReloadAssembly (956ms)
		BeginReloadAssembly (134ms)
			ExecutionOrderSort (0ms)
			DisableScriptedObjects (8ms)
			BackupInstance (0ms)
			ReleaseScriptingObjects (0ms)
			CreateAndSetChildDomain (42ms)
		EndReloadAssembly (722ms)
			LoadAssemblies (85ms)
			RebuildTransferFunctionScriptingTraits (0ms)
			SetupTypeCache (227ms)
			ReleaseScriptCaches (2ms)
			RebuildScriptCaches (40ms)
			SetupLoadedEditorAssemblies (340ms)
				LogAssemblyErrors (0ms)
				InitializePlatformSupportModulesInManaged (4ms)
				SetLoadedEditorAssemblies (1ms)
				RefreshPlugins (1ms)
				BeforeProcessingInitializeOnLoad (75ms)
				ProcessInitializeOnLoadAttributes (171ms)
				ProcessInitializeOnLoadMethodAttributes (80ms)
				AfterProcessingInitializeOnLoad (7ms)
				EditorAssembliesLoaded (0ms)
			ExecutionOrderSort2 (0ms)
			AwakeInstancesAfterBackupRestoration (6ms)
Platform modules already initialized, skipping
Refreshing native plugins compatible for Editor in 2.56 ms, found 2 plugins.
Preloading 0 native plugins for Editor in 0.00 ms.
Unloading 5673 Unused Serialized files (Serialized files now loaded: 0)
Unloading 38 unused Assets / (1.2 MB). Loaded Objects now: 6213.
Memory consumption went from 218.0 MB to 216.8 MB.
Total: 4.590700 ms (FindLiveObjects: 0.475300 ms CreateObjectMapping: 0.151400 ms MarkObjects: 3.424200 ms  DeleteObjects: 0.538500 ms)

AssetImportParameters requested are different than current active one (requested -> active):
  custom:video-decoder-ogg-theora: a1e56fd34408186e4bbccfd4996cb3dc -> 
  custom:container-muxer-webm: aa71ff27fc2769a1b78a27578f13a17b -> 
  custom:container-demuxer-webm: 4f35f7cbe854078d1ac9338744f61a02 -> 
  custom:video-encoder-webm-vp8: eb34c28f22e8b96e1ab97ce403110664 -> 
  custom:video-codec-MediaFoundation-h265: 746d11721c4dcdbdad8f713fa42b33f4 -> 
  custom:audio-encoder-webm-vorbis: bf7c407c2cedff20999df2af8eb42d56 -> 
  custom:framework-win-MediaFoundation: 216162199b28c13a410421893ffa2e32 -> 
  custom:container-demuxer-ogg: 62fdf1f143b41e24485cea50d1cbac27 -> 
  custom:video-decoder-webm-vp8: 9c59270c3fd7afecdb556c50c9e8de78 -> 
  custom:audio-decoder-ogg-vorbis: bf7c407c2cedff20999df2af8eb42d56 -> 
========================================================================
Received Import Request.
  Time since last request: 11.331153 seconds.
  path: Assets/Audio
  artifactKey: Guid(87cc3e5e3447a9c4c887a3d09a533e8e) Importer(815301076,1909f56bfc062723c751e8b465ee728b)
Start importing Assets/Audio using Guid(87cc3e5e3447a9c4c887a3d09a533e8e) Importer(815301076,1909f56bfc062723c751e8b465ee728b)  -> (artifact id: '6565fb466754d000462b14614dae40f4') in 0.015091 seconds 
========================================================================
Received Import Request.
  Time since last request: 188.448558 seconds.
  path: Assets/Audio/SoundFX
  artifactKey: Guid(10bbb6b7255d6614f90fd878cac0c045) Importer(815301076,1909f56bfc062723c751e8b465ee728b)
Start importing Assets/Audio/SoundFX using Guid(10bbb6b7255d6614f90fd878cac0c045) Importer(815301076,1909f56bfc062723c751e8b465ee728b)  -> (artifact id: '41d40b67ca92db557c85bc7a7c62d55b') in 0.009617 seconds 
========================================================================
Received Import Request.
  Time since last request: 2.057146 seconds.
  path: Assets/Audio/SoundFX/Enviornment
  artifactKey: Guid(66b10e98edcea1443a13f34d1d70b0c3) Importer(815301076,1909f56bfc062723c751e8b465ee728b)
Start importing Assets/Audio/SoundFX/Enviornment using Guid(66b10e98edcea1443a13f34d1d70b0c3) Importer(815301076,1909f56bfc062723c751e8b465ee728b)  -> (artifact id: '15d4b36f6ef2537ee7f7086ed7d0024c') in 0.009522 seconds 
========================================================================
Received Import Request.
  Time since last request: 0.059009 seconds.
  path: Assets/Audio/SoundFX/Enviornment/Lightning.asset
  artifactKey: Guid(5e58af7c6f4bbbc4999b78f1c60c2eff) Importer(815301076,1909f56bfc062723c751e8b465ee728b)
Start importing Assets/Audio/SoundFX/Enviornment/Lightning.asset using Guid(5e58af7c6f4bbbc4999b78f1c60c2eff) Importer(815301076,1909f56bfc062723c751e8b465ee728b)  -> (artifact id: '08b71589dfe5ee736d176cd9a6be3d13') in 0.011554 seconds 
========================================================================
Received Import Request.
  Time since last request: 0.017315 seconds.
  path: Assets/Audio/SoundFX/Enviornment/Lightning2.wav
  artifactKey: Guid(d4a1d22bfee002c4ba55a82cac4ac7e1) Importer(815301076,1909f56bfc062723c751e8b465ee728b)
Start importing Assets/Audio/SoundFX/Enviornment/Lightning2.wav using Guid(d4a1d22bfee002c4ba55a82cac4ac7e1) Importer(815301076,1909f56bfc062723c751e8b465ee728b)  -> (artifact id: '0f3b437905b6df4f5943f201ae665875') in 0.116041 seconds 
========================================================================
Received Import Request.
  Time since last request: 0.000034 seconds.
  path: Assets/Audio/SoundFX/Enviornment/Rain.asset
  artifactKey: Guid(6b12b6ea742a2214096602b30d1e523f) Importer(815301076,1909f56bfc062723c751e8b465ee728b)
Start importing Assets/Audio/SoundFX/Enviornment/Rain.asset using Guid(6b12b6ea742a2214096602b30d1e523f) Importer(815301076,1909f56bfc062723c751e8b465ee728b)  -> (artifact id: '9f20dde7ab056aeb2848947e25b76f30') in 0.011303 seconds 
========================================================================
Received Import Request.
  Time since last request: 0.000031 seconds.
  path: Assets/Audio/SoundFX/Enviornment/Lightning4.wav
  artifactKey: Guid(69a18aa5bf7f1624fb1e5bbbc3553e76) Importer(815301076,1909f56bfc062723c751e8b465ee728b)
Start importing Assets/Audio/SoundFX/Enviornment/Lightning4.wav using Guid(69a18aa5bf7f1624fb1e5bbbc3553e76) Importer(815301076,1909f56bfc062723c751e8b465ee728b)  -> (artifact id: '6ad834a6788dff5b044c44eb6d04f83a') in 0.016286 seconds 
========================================================================
Received Import Request.
  Time since last request: 9.141638 seconds.
  path: Assets/Audio/SoundFX/Footsteps/Grass/GrassFootstepA.mp3
  artifactKey: Guid(f766a0bea3a08e34eb80d6d95daf51b9) Importer(815301076,1909f56bfc062723c751e8b465ee728b)
Start importing Assets/Audio/SoundFX/Footsteps/Grass/GrassFootstepA.mp3 using Guid(f766a0bea3a08e34eb80d6d95daf51b9) Importer(815301076,1909f56bfc062723c751e8b465ee728b)  -> (artifact id: 'fefbd70dab9361f4651b8e9360970d35') in 0.032516 seconds 
========================================================================
Received Import Request.
  Time since last request: 0.000024 seconds.
  path: Assets/Audio/SoundFX/Footsteps/Grass/Single-footstep-in-grass-B-www.fesliyanstudios.com.mp3
  artifactKey: Guid(763dd706a6592d341970e7d42b71b82d) Importer(815301076,1909f56bfc062723c751e8b465ee728b)
Start importing Assets/Audio/SoundFX/Footsteps/Grass/Single-footstep-in-grass-B-www.fesliyanstudios.com.mp3 using Guid(763dd706a6592d341970e7d42b71b82d) Importer(815301076,1909f56bfc062723c751e8b465ee728b)  -> (artifact id: '94ce36bd15b2fc17eb86e8ecca9a1dac') in 0.019430 seconds 
========================================================================
Received Import Request.
  Time since last request: 0.000039 seconds.
  path: Assets/Audio/SoundFX/Footsteps/Grass/Single-footstep-in-grass-E-www.fesliyanstudios.com.mp3
  artifactKey: Guid(21d2f5fa61be15d42b404e3a540ed80d) Importer(815301076,1909f56bfc062723c751e8b465ee728b)
Start importing Assets/Audio/SoundFX/Footsteps/Grass/Single-footstep-in-grass-E-www.fesliyanstudios.com.mp3 using Guid(21d2f5fa61be15d42b404e3a540ed80d) Importer(815301076,1909f56bfc062723c751e8b465ee728b)  -> (artifact id: 'cbc16f8bfe1b56b4c792c94f94408387') in 0.019264 seconds 
========================================================================
Received Import Request.
  Time since last request: 0.000027 seconds.
  path: Assets/Audio/SoundFX/Footsteps/Grass/Single-footstep-in-grass-A-www.fesliyanstudios.com.mp3
  artifactKey: Guid(c8dd6998fe08cc74b95d6f2606eff2c9) Importer(815301076,1909f56bfc062723c751e8b465ee728b)
Start importing Assets/Audio/SoundFX/Footsteps/Grass/Single-footstep-in-grass-A-www.fesliyanstudios.com.mp3 using Guid(c8dd6998fe08cc74b95d6f2606eff2c9) Importer(815301076,1909f56bfc062723c751e8b465ee728b)  -> (artifact id: 'a9b0bf89dad446b72ff91701e94efe79') in 0.015692 seconds 
========================================================================
Received Import Request.
  Time since last request: 0.000029 seconds.
  path: Assets/Audio/SoundFX/Footsteps/Grass/Single-footstep-in-grass-D-www.fesliyanstudios.com.mp3
  artifactKey: Guid(127a8db446e2aeb43953a57a9fb3d808) Importer(815301076,1909f56bfc062723c751e8b465ee728b)
Start importing Assets/Audio/SoundFX/Footsteps/Grass/Single-footstep-in-grass-D-www.fesliyanstudios.com.mp3 using Guid(127a8db446e2aeb43953a57a9fb3d808) Importer(815301076,1909f56bfc062723c751e8b465ee728b)  -> (artifact id: 'b46842ac74e38cad773889f83b35a6bc') in 0.037011 seconds 
========================================================================
Received Import Request.
  Time since last request: 0.000027 seconds.
  path: Assets/Audio/SoundFX/Footsteps/Grass/GrassFootstepC.mp3
  artifactKey: Guid(f6be84ff39f1091459d75716d379c27a) Importer(815301076,1909f56bfc062723c751e8b465ee728b)
Start importing Assets/Audio/SoundFX/Footsteps/Grass/GrassFootstepC.mp3 using Guid(f6be84ff39f1091459d75716d379c27a) Importer(815301076,1909f56bfc062723c751e8b465ee728b)  -> (artifact id: '1fb334c67242aece55980dc0280b32f1') in 0.025826 seconds 
========================================================================
Received Import Request.
  Time since last request: 8.231060 seconds.
  path: Assets/Audio/SoundFX/Misc/CameraFlash.asset
  artifactKey: Guid(e6b93f6fe9dde66419aa11369d5f240e) Importer(815301076,1909f56bfc062723c751e8b465ee728b)
Start importing Assets/Audio/SoundFX/Misc/CameraFlash.asset using Guid(e6b93f6fe9dde66419aa11369d5f240e) Importer(815301076,1909f56bfc062723c751e8b465ee728b)  -> (artifact id: 'cf8f219dd8db5addcdb627f7007f7c1b') in 0.012521 seconds 
========================================================================
Received Import Request.
  Time since last request: 11.554971 seconds.
  path: Assets/Audio/SoundFX/Voices/Evan/EvanA.mp3
  artifactKey: Guid(8005b2f177ae5f546bf5dc1f01e302f1) Importer(815301076,1909f56bfc062723c751e8b465ee728b)
Start importing Assets/Audio/SoundFX/Voices/Evan/EvanA.mp3 using Guid(8005b2f177ae5f546bf5dc1f01e302f1) Importer(815301076,1909f56bfc062723c751e8b465ee728b)  -> (artifact id: 'd7ab0594d9dde5c5a463f409da7f7fb9') in 0.022586 seconds 
========================================================================
Received Import Request.
  Time since last request: 0.000025 seconds.
  path: Assets/Audio/SoundFX/Voices/Evan/EvanE.mp3
  artifactKey: Guid(e36655d9b4deaab4593fbfe323db37ab) Importer(815301076,1909f56bfc062723c751e8b465ee728b)
Start importing Assets/Audio/SoundFX/Voices/Evan/EvanE.mp3 using Guid(e36655d9b4deaab4593fbfe323db37ab) Importer(815301076,1909f56bfc062723c751e8b465ee728b)  -> (artifact id: 'd95ef7638bf614ef2ffeb7ba6b9be253') in 0.026074 seconds 
========================================================================
Received Import Request.
  Time since last request: 0.000034 seconds.
  path: Assets/Audio/SoundFX/Voices/Evan/EvanS.mp3
  artifactKey: Guid(76cb4375e2b2a9241b708ed9d835be5b) Importer(815301076,1909f56bfc062723c751e8b465ee728b)
Start importing Assets/Audio/SoundFX/Voices/Evan/EvanS.mp3 using Guid(76cb4375e2b2a9241b708ed9d835be5b) Importer(815301076,1909f56bfc062723c751e8b465ee728b)  -> (artifact id: 'ae47fffcdcd83d3d610357a87ae00ad0') in 0.039185 seconds 
========================================================================
Received Import Request.
  Time since last request: 0.000029 seconds.
  path: Assets/Audio/SoundFX/Voices/Evan/EvanK.mp3
  artifactKey: Guid(69b60904fde11c745a286fe75a5fd5be) Importer(815301076,1909f56bfc062723c751e8b465ee728b)
Start importing Assets/Audio/SoundFX/Voices/Evan/EvanK.mp3 using Guid(69b60904fde11c745a286fe75a5fd5be) Importer(815301076,1909f56bfc062723c751e8b465ee728b)  -> (artifact id: 'a5975b274b98aa94c27ed05c16fc950f') in 0.021756 seconds 
========================================================================
Received Import Request.
  Time since last request: 0.000040 seconds.
  path: Assets/Audio/SoundFX/Voices/Evan/EvanU.mp3
  artifactKey: Guid(edf972206de825b4a93c8b3c97cda4d9) Importer(815301076,1909f56bfc062723c751e8b465ee728b)
Start importing Assets/Audio/SoundFX/Voices/Evan/EvanU.mp3 using Guid(edf972206de825b4a93c8b3c97cda4d9) Importer(815301076,1909f56bfc062723c751e8b465ee728b)  -> (artifact id: '53a280cac96cf7d778d33ac34ca1ee95') in 0.025900 seconds 
========================================================================
Received Import Request.
  Time since last request: 0.000040 seconds.
  path: Assets/Audio/SoundFX/Voices/Evan/EvanX.mp3
  artifactKey: Guid(73484b31bafd7664e92b19a79d3e07a4) Importer(815301076,1909f56bfc062723c751e8b465ee728b)
Start importing Assets/Audio/SoundFX/Voices/Evan/EvanX.mp3 using Guid(73484b31bafd7664e92b19a79d3e07a4) Importer(815301076,1909f56bfc062723c751e8b465ee728b)  -> (artifact id: 'bbb5c6a3011be1bff52dd72bf6bc654e') in 0.024018 seconds 
========================================================================
Received Import Request.
  Time since last request: 0.000039 seconds.
  path: Assets/Audio/SoundFX/Voices/Evan/EvanV.mp3
  artifactKey: Guid(8bb440d6cceddd247a6f01163fc43cfa) Importer(815301076,1909f56bfc062723c751e8b465ee728b)
Start importing Assets/Audio/SoundFX/Voices/Evan/EvanV.mp3 using Guid(8bb440d6cceddd247a6f01163fc43cfa) Importer(815301076,1909f56bfc062723c751e8b465ee728b)  -> (artifact id: 'ecefafbe241c6ccc85919589781f1e41') in 0.018268 seconds 
Editor requested this worker to shutdown with reason: Scaling down because of idle timeout
AssetImportWorker is now disconnected from the server
Process exiting
Exiting without the bug reporter. Application will terminate with return code 0