Using pre-set license
Built from '2021.3/staging' branch; Version is '2021.3.24f1 (cf10dcf7010d) revision 13570268'; Using compiler version '192829333'; Build Type 'Release'
OS: 'Windows 11  (10.0.22621) 64bit Core' Language: 'en' Physical Memory: 16236 MB
BatchMode: 1, IsHumanControllingUs: 0, StartBugReporterOnCrash: 0, Is64bit: 1, IsPro: 1

COMMAND LINE ARGUMENTS:
C:\Program Files\Unity\Hub\Editor\2021.3.24f1\Editor\Unity.exe
-adb2
-batchMode
-noUpm
-name
AssetImportWorker4
-projectPath
D:/Documents/Code/Personal-Projects/curly-unity-starter
-logFile
Logs/AssetImportWorker4.log
-srvPort
61230
Successfully changed project path to: D:/Documents/Code/Personal-Projects/curly-unity-starter
D:/Documents/Code/Personal-Projects/curly-unity-starter
[UnityMemory] Configuration Parameters - Can be set up in boot.config
    "memorysetup-bucket-allocator-granularity=16"
    "memorysetup-bucket-allocator-bucket-count=8"
    "memorysetup-bucket-allocator-block-size=33554432"
    "memorysetup-bucket-allocator-block-count=8"
    "memorysetup-main-allocator-block-size=16777216"
    "memorysetup-thread-allocator-block-size=16777216"
    "memorysetup-gfx-main-allocator-block-size=16777216"
    "memorysetup-gfx-thread-allocator-block-size=16777216"
    "memorysetup-cache-allocator-block-size=4194304"
    "memorysetup-typetree-allocator-block-size=2097152"
    "memorysetup-profiler-bucket-allocator-granularity=16"
    "memorysetup-profiler-bucket-allocator-bucket-count=8"
    "memorysetup-profiler-bucket-allocator-block-size=33554432"
    "memorysetup-profiler-bucket-allocator-block-count=8"
    "memorysetup-profiler-allocator-block-size=16777216"
    "memorysetup-profiler-editor-allocator-block-size=1048576"
    "memorysetup-temp-allocator-size-main=16777216"
    "memorysetup-job-temp-allocator-block-size=2097152"
    "memorysetup-job-temp-allocator-block-size-background=1048576"
    "memorysetup-job-temp-allocator-reduction-small-platforms=262144"
    "memorysetup-temp-allocator-size-background-worker=32768"
    "memorysetup-temp-allocator-size-job-worker=262144"
    "memorysetup-temp-allocator-size-preload-manager=33554432"
    "memorysetup-temp-allocator-size-nav-mesh-worker=65536"
    "memorysetup-temp-allocator-size-audio-worker=65536"
    "memorysetup-temp-allocator-size-cloud-worker=32768"
    "memorysetup-temp-allocator-size-gi-baking-worker=262144"
    "memorysetup-temp-allocator-size-gfx=262144"
Player connection [14752] Host "[IP] 192.168.254.132 [Port] 0 [Flags] 2 [Guid] 2162625475 [EditorId] 2162625475 [Version] 1048832 [Id] WindowsEditor(7,LAPTOP-K58UBCE4) [Debug] 1 [PackageName] WindowsEditor [ProjectName] Editor" joined multi-casting on [225.0.0.222:54997]...

Player connection [14752] Host "[IP] 192.168.254.132 [Port] 0 [Flags] 2 [Guid] 2162625475 [EditorId] 2162625475 [Version] 1048832 [Id] WindowsEditor(7,LAPTOP-K58UBCE4) [Debug] 1 [PackageName] WindowsEditor [ProjectName] Editor" joined alternative multi-casting on [225.0.0.222:34997]...

Refreshing native plugins compatible for Editor in 96.92 ms, found 2 plugins.
Preloading 0 native plugins for Editor in 0.00 ms.
Initialize engine version: 2021.3.24f1 (cf10dcf7010d)
[Subsystems] Discovering subsystems at path C:/Program Files/Unity/Hub/Editor/2021.3.24f1/Editor/Data/Resources/UnitySubsystems
[Subsystems] Discovering subsystems at path D:/Documents/Code/Personal-Projects/curly-unity-starter/Assets
GfxDevice: creating device client; threaded=0; jobified=0
Direct3D:
    Version:  Direct3D 11.0 [level 11.1]
    Renderer: NVIDIA GeForce RTX 3060 Laptop GPU (ID=0x2560)
    Vendor:   NVIDIA
    VRAM:     6009 MB
    Driver:   31.0.15.2799
Initialize mono
Mono path[0] = 'C:/Program Files/Unity/Hub/Editor/2021.3.24f1/Editor/Data/Managed'
Mono path[1] = 'C:/Program Files/Unity/Hub/Editor/2021.3.24f1/Editor/Data/MonoBleedingEdge/lib/mono/unityjit-win32'
Mono config path = 'C:/Program Files/Unity/Hub/Editor/2021.3.24f1/Editor/Data/MonoBleedingEdge/etc'
Using monoOptions --debugger-agent=transport=dt_socket,embedding=1,server=y,suspend=n,address=127.0.0.1:56952
Begin MonoManager ReloadAssembly
Registering precompiled unity dll's ...
Register platform support module: C:/Program Files/Unity/Hub/Editor/2021.3.24f1/Editor/Data/PlaybackEngines/WindowsStandaloneSupport/UnityEditor.WindowsStandalone.Extensions.dll
Registered in 0.004147 seconds.
Native extension for WindowsStandalone target not found
Refreshing native plugins compatible for Editor in 98.21 ms, found 2 plugins.
Preloading 0 native plugins for Editor in 0.00 ms.
Mono: successfully reloaded assembly
- Completed reload, in  0.537 seconds
Domain Reload Profiling:
	ReloadAssembly (537ms)
		BeginReloadAssembly (71ms)
			ExecutionOrderSort (0ms)
			DisableScriptedObjects (0ms)
			BackupInstance (0ms)
			ReleaseScriptingObjects (0ms)
			CreateAndSetChildDomain (1ms)
		EndReloadAssembly (389ms)
			LoadAssemblies (69ms)
			RebuildTransferFunctionScriptingTraits (0ms)
			SetupTypeCache (73ms)
			ReleaseScriptCaches (0ms)
			RebuildScriptCaches (20ms)
			SetupLoadedEditorAssemblies (255ms)
				LogAssemblyErrors (0ms)
				InitializePlatformSupportModulesInManaged (6ms)
				SetLoadedEditorAssemblies (0ms)
				RefreshPlugins (98ms)
				BeforeProcessingInitializeOnLoad (1ms)
				ProcessInitializeOnLoadAttributes (112ms)
				ProcessInitializeOnLoadMethodAttributes (37ms)
				AfterProcessingInitializeOnLoad (0ms)
				EditorAssembliesLoaded (0ms)
			ExecutionOrderSort2 (0ms)
			AwakeInstancesAfterBackupRestoration (0ms)
Platform modules already initialized, skipping
Registering precompiled user dll's ...
Registered in 0.002959 seconds.
Begin MonoManager ReloadAssembly
Symbol file LoadedFromMemory doesn't match image D:\Documents\Code\Personal-Projects\curly-unity-starter\Library\PackageCache\com.unity.visualscripting@1.8.0\Editor\VisualScripting.Core\Dependencies\YamlDotNet\Unity.VisualScripting.YamlDotNet.dll
Symbol file LoadedFromMemory doesn't match image D:\Documents\Code\Personal-Projects\curly-unity-starter\Library\PackageCache\com.unity.visualscripting@1.8.0\Editor\VisualScripting.Core\Dependencies\DotNetZip\Unity.VisualScripting.IonicZip.dll
Native extension for WindowsStandalone target not found
Refreshing native plugins compatible for Editor in 96.10 ms, found 2 plugins.
Preloading 0 native plugins for Editor in 0.00 ms.
Mono: successfully reloaded assembly
- Completed reload, in  1.127 seconds
Domain Reload Profiling:
	ReloadAssembly (1128ms)
		BeginReloadAssembly (97ms)
			ExecutionOrderSort (0ms)
			DisableScriptedObjects (5ms)
			BackupInstance (0ms)
			ReleaseScriptingObjects (0ms)
			CreateAndSetChildDomain (19ms)
		EndReloadAssembly (948ms)
			LoadAssemblies (76ms)
			RebuildTransferFunctionScriptingTraits (0ms)
			SetupTypeCache (173ms)
			ReleaseScriptCaches (1ms)
			RebuildScriptCaches (51ms)
			SetupLoadedEditorAssemblies (621ms)
				LogAssemblyErrors (0ms)
				InitializePlatformSupportModulesInManaged (4ms)
				SetLoadedEditorAssemblies (0ms)
				RefreshPlugins (96ms)
				BeforeProcessingInitializeOnLoad (104ms)
				ProcessInitializeOnLoadAttributes (201ms)
				ProcessInitializeOnLoadMethodAttributes (209ms)
				AfterProcessingInitializeOnLoad (6ms)
				EditorAssembliesLoaded (0ms)
			ExecutionOrderSort2 (0ms)
			AwakeInstancesAfterBackupRestoration (5ms)
Platform modules already initialized, skipping
========================================================================
Worker process is ready to serve import requests
Launched and connected shader compiler UnityShaderCompiler.exe after 0.05 seconds
Refreshing native plugins compatible for Editor in 1.00 ms, found 2 plugins.
Preloading 0 native plugins for Editor in 0.00 ms.
Unloading 5764 Unused Serialized files (Serialized files now loaded: 0)
Unloading 53 unused Assets / (1.3 MB). Loaded Objects now: 6218.
Memory consumption went from 226.1 MB to 224.9 MB.
Total: 4.192200 ms (FindLiveObjects: 0.426400 ms CreateObjectMapping: 0.172600 ms MarkObjects: 3.126500 ms  DeleteObjects: 0.466000 ms)

AssetImportParameters requested are different than current active one (requested -> active):
  custom:video-decoder-ogg-theora: a1e56fd34408186e4bbccfd4996cb3dc -> 
  custom:container-muxer-webm: aa71ff27fc2769a1b78a27578f13a17b -> 
  custom:container-demuxer-webm: 4f35f7cbe854078d1ac9338744f61a02 -> 
  custom:video-encoder-webm-vp8: eb34c28f22e8b96e1ab97ce403110664 -> 
  custom:video-codec-MediaFoundation-h265: 746d11721c4dcdbdad8f713fa42b33f4 -> 
  custom:audio-encoder-webm-vorbis: bf7c407c2cedff20999df2af8eb42d56 -> 
  custom:framework-win-MediaFoundation: 216162199b28c13a410421893ffa2e32 -> 
  custom:container-demuxer-ogg: 62fdf1f143b41e24485cea50d1cbac27 -> 
  custom:video-decoder-webm-vp8: 9c59270c3fd7afecdb556c50c9e8de78 -> 
  custom:audio-decoder-ogg-vorbis: bf7c407c2cedff20999df2af8eb42d56 -> 
========================================================================
Received Import Request.
  Time since last request: 564570.509162 seconds.
  path: Assets/Audio/SoundFX/Footsteps
  artifactKey: Guid(543cece89914d8d4e912bad2774b40ff) Importer(815301076,1909f56bfc062723c751e8b465ee728b)
Start importing Assets/Audio/SoundFX/Footsteps using Guid(543cece89914d8d4e912bad2774b40ff) Importer(815301076,1909f56bfc062723c751e8b465ee728b)  -> (artifact id: '5d457776f7f7c0cfd9427560444cad2d') in 0.018834 seconds 
========================================================================
Received Import Request.
  Time since last request: 0.778593 seconds.
  path: Assets/Audio/SoundFX/Footsteps/Grass
  artifactKey: Guid(ab7285970ac234443b384c8d4b9dfdf1) Importer(815301076,1909f56bfc062723c751e8b465ee728b)
Start importing Assets/Audio/SoundFX/Footsteps/Grass using Guid(ab7285970ac234443b384c8d4b9dfdf1) Importer(815301076,1909f56bfc062723c751e8b465ee728b)  -> (artifact id: '43d0501bab776d89c0b72d3955e6e0ac') in 0.009385 seconds 
========================================================================
Received Import Request.
  Time since last request: 0.045886 seconds.
  path: Assets/Audio/SoundFX/Footsteps/Grass/GrassFootstep.asset
  artifactKey: Guid(c961bce0386641145aa292b5269a8c0e) Importer(815301076,1909f56bfc062723c751e8b465ee728b)
Start importing Assets/Audio/SoundFX/Footsteps/Grass/GrassFootstep.asset using Guid(c961bce0386641145aa292b5269a8c0e) Importer(815301076,1909f56bfc062723c751e8b465ee728b)  -> (artifact id: '92523780f9daeaed83531ce87fa8d604') in 0.037564 seconds 
========================================================================
Received Import Request.
  Time since last request: 0.000035 seconds.
  path: Assets/Audio/SoundFX/Footsteps/Grass/GrassFootstepF.mp3
  artifactKey: Guid(d195217a0c819b548a95be9067715c13) Importer(815301076,1909f56bfc062723c751e8b465ee728b)
Start importing Assets/Audio/SoundFX/Footsteps/Grass/GrassFootstepF.mp3 using Guid(d195217a0c819b548a95be9067715c13) Importer(815301076,1909f56bfc062723c751e8b465ee728b)  -> (artifact id: '48837f59e5d2843644cb97d95d1b7f8b') in 0.149321 seconds 
========================================================================
Received Import Request.
  Time since last request: 7.458717 seconds.
  path: Assets/Audio/SoundFX/Misc
  artifactKey: Guid(a101032b744e6d64da912aefc26e3e75) Importer(815301076,1909f56bfc062723c751e8b465ee728b)
Start importing Assets/Audio/SoundFX/Misc using Guid(a101032b744e6d64da912aefc26e3e75) Importer(815301076,1909f56bfc062723c751e8b465ee728b)  -> (artifact id: '27740d2b35728328e07b46cd6289ba71') in 0.010029 seconds 
========================================================================
Received Import Request.
  Time since last request: 0.742322 seconds.
  path: Assets/Audio/SoundFX/Misc/Camera Flash.mp3
  artifactKey: Guid(c6add41d97e85cb4b977a9477fcc4c6f) Importer(815301076,1909f56bfc062723c751e8b465ee728b)
Start importing Assets/Audio/SoundFX/Misc/Camera Flash.mp3 using Guid(c6add41d97e85cb4b977a9477fcc4c6f) Importer(815301076,1909f56bfc062723c751e8b465ee728b)  -> (artifact id: 'bc44bd11f6fbfdec92f4d23e705abe0c') in 0.015200 seconds 
========================================================================
Received Import Request.
  Time since last request: 10.699751 seconds.
  path: Assets/Audio/SoundFX/Voices
  artifactKey: Guid(6c17b22ea135f5344b15a8280b344921) Importer(815301076,1909f56bfc062723c751e8b465ee728b)
Start importing Assets/Audio/SoundFX/Voices using Guid(6c17b22ea135f5344b15a8280b344921) Importer(815301076,1909f56bfc062723c751e8b465ee728b)  -> (artifact id: '3a7a5e58bf79f80996e6ef411328d319') in 0.010211 seconds 
========================================================================
Received Import Request.
  Time since last request: 0.754341 seconds.
  path: Assets/Audio/SoundFX/Voices/Evan
  artifactKey: Guid(486c959976f79ce4e85c72767c1aa606) Importer(815301076,1909f56bfc062723c751e8b465ee728b)
Start importing Assets/Audio/SoundFX/Voices/Evan using Guid(486c959976f79ce4e85c72767c1aa606) Importer(815301076,1909f56bfc062723c751e8b465ee728b)  -> (artifact id: 'a9a6b0b55e524730e83cbb306e252df4') in 0.009227 seconds 
========================================================================
Received Import Request.
  Time since last request: 0.048996 seconds.
  path: Assets/Audio/SoundFX/Voices/Evan/Evan Voice.asset
  artifactKey: Guid(98fe1ef5438c38f45bd63933997abf53) Importer(815301076,1909f56bfc062723c751e8b465ee728b)
Start importing Assets/Audio/SoundFX/Voices/Evan/Evan Voice.asset using Guid(98fe1ef5438c38f45bd63933997abf53) Importer(815301076,1909f56bfc062723c751e8b465ee728b)  -> (artifact id: '48a38699e2f009121c9b04ce0b91359c') in 0.012107 seconds 
========================================================================
Received Import Request.
  Time since last request: 0.000041 seconds.
  path: Assets/Audio/SoundFX/Voices/Evan/EvanI.mp3
  artifactKey: Guid(d347892fb873bc44294963cb6a8756a6) Importer(815301076,1909f56bfc062723c751e8b465ee728b)
Start importing Assets/Audio/SoundFX/Voices/Evan/EvanI.mp3 using Guid(d347892fb873bc44294963cb6a8756a6) Importer(815301076,1909f56bfc062723c751e8b465ee728b)  -> (artifact id: '4aa2d929e7facb871c72e11c419c2c2d') in 0.019709 seconds 
========================================================================
Received Import Request.
  Time since last request: 0.000031 seconds.
  path: Assets/Audio/SoundFX/Voices/Evan/EvanT.mp3
  artifactKey: Guid(33dd50ed517fba643b384daa8603766f) Importer(815301076,1909f56bfc062723c751e8b465ee728b)
Start importing Assets/Audio/SoundFX/Voices/Evan/EvanT.mp3 using Guid(33dd50ed517fba643b384daa8603766f) Importer(815301076,1909f56bfc062723c751e8b465ee728b)  -> (artifact id: '6de91e9c0983ec2bbaf8bd29fc6f98c4') in 0.014881 seconds 
========================================================================
Received Import Request.
  Time since last request: 0.000024 seconds.
  path: Assets/Audio/SoundFX/Voices/Evan/EvanZ.mp3
  artifactKey: Guid(267749b1299a7014493efdb5f6e7b6cd) Importer(815301076,1909f56bfc062723c751e8b465ee728b)
Start importing Assets/Audio/SoundFX/Voices/Evan/EvanZ.mp3 using Guid(267749b1299a7014493efdb5f6e7b6cd) Importer(815301076,1909f56bfc062723c751e8b465ee728b)  -> (artifact id: '18e87f6903fda3f4fe57bc5fc8bebcb5') in 0.034018 seconds 
========================================================================
Received Import Request.
  Time since last request: 0.000021 seconds.
  path: Assets/Audio/SoundFX/Voices/Evan/EvanH.mp3
  artifactKey: Guid(a0a26731f2aa02c41ba9271ad393d354) Importer(815301076,1909f56bfc062723c751e8b465ee728b)
Start importing Assets/Audio/SoundFX/Voices/Evan/EvanH.mp3 using Guid(a0a26731f2aa02c41ba9271ad393d354) Importer(815301076,1909f56bfc062723c751e8b465ee728b)  -> (artifact id: '9dbde1bf7b510cb0dc870ec39dca6796') in 0.025400 seconds 
========================================================================
Received Import Request.
  Time since last request: 0.000025 seconds.
  path: Assets/Audio/SoundFX/Voices/Evan/EvanF.mp3
  artifactKey: Guid(1a68287beb72c5744a14605924797e43) Importer(815301076,1909f56bfc062723c751e8b465ee728b)
Start importing Assets/Audio/SoundFX/Voices/Evan/EvanF.mp3 using Guid(1a68287beb72c5744a14605924797e43) Importer(815301076,1909f56bfc062723c751e8b465ee728b)  -> (artifact id: 'e85fce6676bd23c5a67a71119ad514b9') in 0.023668 seconds 
========================================================================
Received Import Request.
  Time since last request: 0.000041 seconds.
  path: Assets/Audio/SoundFX/Voices/Evan/EvanJ.mp3
  artifactKey: Guid(d7d4202878900434f8ae995623525563) Importer(815301076,1909f56bfc062723c751e8b465ee728b)
Start importing Assets/Audio/SoundFX/Voices/Evan/EvanJ.mp3 using Guid(d7d4202878900434f8ae995623525563) Importer(815301076,1909f56bfc062723c751e8b465ee728b)  -> (artifact id: '56cc7b985c0f3e0dc5e8d13d8c799493') in 0.023992 seconds 
========================================================================
Received Import Request.
  Time since last request: 0.000026 seconds.
  path: Assets/Audio/SoundFX/Voices/Evan/EvanD.mp3
  artifactKey: Guid(7cf728ac1a91dcb4c97c7b50b8219ec2) Importer(815301076,1909f56bfc062723c751e8b465ee728b)
Start importing Assets/Audio/SoundFX/Voices/Evan/EvanD.mp3 using Guid(7cf728ac1a91dcb4c97c7b50b8219ec2) Importer(815301076,1909f56bfc062723c751e8b465ee728b)  -> (artifact id: '76897c41752c120d242b96004db34fbf') in 0.018468 seconds 
========================================================================
Received Import Request.
  Time since last request: 5.462277 seconds.
  path: Assets/Audio/SoundFX/Voices/Evan/EvanMasterVoice.aup3
  artifactKey: Guid(2fce92476e6fd7144a1e43aacd697d1c) Importer(815301076,1909f56bfc062723c751e8b465ee728b)
Start importing Assets/Audio/SoundFX/Voices/Evan/EvanMasterVoice.aup3 using Guid(2fce92476e6fd7144a1e43aacd697d1c) Importer(815301076,1909f56bfc062723c751e8b465ee728b)  -> (artifact id: 'b66aaeb582a21fb28f9820040e7f47f6') in 0.012305 seconds 
========================================================================
Received Prepare
Registering precompiled user dll's ...
Registered in 0.003852 seconds.
Begin MonoManager ReloadAssembly
Symbol file LoadedFromMemory doesn't match image D:\Documents\Code\Personal-Projects\curly-unity-starter\Library\PackageCache\com.unity.visualscripting@1.8.0\Editor\VisualScripting.Core\Dependencies\YamlDotNet\Unity.VisualScripting.YamlDotNet.dll
Symbol file LoadedFromMemory doesn't match image D:\Documents\Code\Personal-Projects\curly-unity-starter\Library\PackageCache\com.unity.visualscripting@1.8.0\Editor\VisualScripting.Core\Dependencies\DotNetZip\Unity.VisualScripting.IonicZip.dll
Native extension for WindowsStandalone target not found
Refreshing native plugins compatible for Editor in 0.97 ms, found 2 plugins.
Preloading 0 native plugins for Editor in 0.00 ms.
Mono: successfully reloaded assembly
- Completed reload, in  1.182 seconds
Domain Reload Profiling:
	ReloadAssembly (1183ms)
		BeginReloadAssembly (199ms)
			ExecutionOrderSort (0ms)
			DisableScriptedObjects (6ms)
			BackupInstance (0ms)
			ReleaseScriptingObjects (0ms)
			CreateAndSetChildDomain (40ms)
		EndReloadAssembly (868ms)
			LoadAssemblies (154ms)
			RebuildTransferFunctionScriptingTraits (0ms)
			SetupTypeCache (228ms)
			ReleaseScriptCaches (2ms)
			RebuildScriptCaches (44ms)
			SetupLoadedEditorAssemblies (385ms)
				LogAssemblyErrors (0ms)
				InitializePlatformSupportModulesInManaged (5ms)
				SetLoadedEditorAssemblies (0ms)
				RefreshPlugins (1ms)
				BeforeProcessingInitializeOnLoad (78ms)
				ProcessInitializeOnLoadAttributes (192ms)
				ProcessInitializeOnLoadMethodAttributes (102ms)
				AfterProcessingInitializeOnLoad (6ms)
				EditorAssembliesLoaded (0ms)
			ExecutionOrderSort2 (0ms)
			AwakeInstancesAfterBackupRestoration (79ms)
Platform modules already initialized, skipping
Refreshing native plugins compatible for Editor in 2.15 ms, found 2 plugins.
Preloading 0 native plugins for Editor in 0.00 ms.
Unloading 5673 Unused Serialized files (Serialized files now loaded: 0)
Unloading 38 unused Assets / (1.2 MB). Loaded Objects now: 6231.
Memory consumption went from 222.4 MB to 221.1 MB.
Total: 3.799200 ms (FindLiveObjects: 0.368600 ms CreateObjectMapping: 0.155600 ms MarkObjects: 2.808000 ms  DeleteObjects: 0.465600 ms)

AssetImportParameters requested are different than current active one (requested -> active):
  custom:video-decoder-ogg-theora: a1e56fd34408186e4bbccfd4996cb3dc -> 
  custom:container-muxer-webm: aa71ff27fc2769a1b78a27578f13a17b -> 
  custom:container-demuxer-webm: 4f35f7cbe854078d1ac9338744f61a02 -> 
  custom:video-encoder-webm-vp8: eb34c28f22e8b96e1ab97ce403110664 -> 
  custom:video-codec-MediaFoundation-h265: 746d11721c4dcdbdad8f713fa42b33f4 -> 
  custom:audio-encoder-webm-vorbis: bf7c407c2cedff20999df2af8eb42d56 -> 
  custom:framework-win-MediaFoundation: 216162199b28c13a410421893ffa2e32 -> 
  custom:container-demuxer-ogg: 62fdf1f143b41e24485cea50d1cbac27 -> 
  custom:video-decoder-webm-vp8: 9c59270c3fd7afecdb556c50c9e8de78 -> 
  custom:audio-decoder-ogg-vorbis: bf7c407c2cedff20999df2af8eb42d56 -> 
========================================================================
Received Prepare
Registering precompiled user dll's ...
Registered in 0.005156 seconds.
Begin MonoManager ReloadAssembly
Symbol file LoadedFromMemory doesn't match image D:\Documents\Code\Personal-Projects\curly-unity-starter\Library\PackageCache\com.unity.visualscripting@1.8.0\Editor\VisualScripting.Core\Dependencies\YamlDotNet\Unity.VisualScripting.YamlDotNet.dll
Symbol file LoadedFromMemory doesn't match image D:\Documents\Code\Personal-Projects\curly-unity-starter\Library\PackageCache\com.unity.visualscripting@1.8.0\Editor\VisualScripting.Core\Dependencies\DotNetZip\Unity.VisualScripting.IonicZip.dll
Native extension for WindowsStandalone target not found
Refreshing native plugins compatible for Editor in 1.05 ms, found 2 plugins.
Preloading 0 native plugins for Editor in 0.00 ms.
Mono: successfully reloaded assembly
- Completed reload, in  1.031 seconds
Domain Reload Profiling:
	ReloadAssembly (1032ms)
		BeginReloadAssembly (151ms)
			ExecutionOrderSort (0ms)
			DisableScriptedObjects (9ms)
			BackupInstance (0ms)
			ReleaseScriptingObjects (0ms)
			CreateAndSetChildDomain (46ms)
		EndReloadAssembly (807ms)
			LoadAssemblies (88ms)
			RebuildTransferFunctionScriptingTraits (0ms)
			SetupTypeCache (196ms)
			ReleaseScriptCaches (2ms)
			RebuildScriptCaches (44ms)
			SetupLoadedEditorAssemblies (364ms)
				LogAssemblyErrors (0ms)
				InitializePlatformSupportModulesInManaged (4ms)
				SetLoadedEditorAssemblies (0ms)
				RefreshPlugins (1ms)
				BeforeProcessingInitializeOnLoad (86ms)
				ProcessInitializeOnLoadAttributes (179ms)
				ProcessInitializeOnLoadMethodAttributes (87ms)
				AfterProcessingInitializeOnLoad (6ms)
				EditorAssembliesLoaded (0ms)
			ExecutionOrderSort2 (0ms)
			AwakeInstancesAfterBackupRestoration (63ms)
Platform modules already initialized, skipping
Refreshing native plugins compatible for Editor in 2.75 ms, found 2 plugins.
Preloading 0 native plugins for Editor in 0.00 ms.
Unloading 5673 Unused Serialized files (Serialized files now loaded: 0)
Unloading 38 unused Assets / (1.2 MB). Loaded Objects now: 6234.
Memory consumption went from 222.3 MB to 221.1 MB.
Total: 3.604200 ms (FindLiveObjects: 0.352200 ms CreateObjectMapping: 0.128800 ms MarkObjects: 2.596200 ms  DeleteObjects: 0.526200 ms)

AssetImportParameters requested are different than current active one (requested -> active):
  custom:video-decoder-ogg-theora: a1e56fd34408186e4bbccfd4996cb3dc -> 
  custom:container-muxer-webm: aa71ff27fc2769a1b78a27578f13a17b -> 
  custom:container-demuxer-webm: 4f35f7cbe854078d1ac9338744f61a02 -> 
  custom:video-encoder-webm-vp8: eb34c28f22e8b96e1ab97ce403110664 -> 
  custom:video-codec-MediaFoundation-h265: 746d11721c4dcdbdad8f713fa42b33f4 -> 
  custom:audio-encoder-webm-vorbis: bf7c407c2cedff20999df2af8eb42d56 -> 
  custom:framework-win-MediaFoundation: 216162199b28c13a410421893ffa2e32 -> 
  custom:container-demuxer-ogg: 62fdf1f143b41e24485cea50d1cbac27 -> 
  custom:video-decoder-webm-vp8: 9c59270c3fd7afecdb556c50c9e8de78 -> 
  custom:audio-decoder-ogg-vorbis: bf7c407c2cedff20999df2af8eb42d56 -> 
========================================================================
Received Import Request.
  Time since last request: 395.020134 seconds.
  path: Assets/Audio/SoundFX/Enviornment/AudioOverrideGroup.asset
  artifactKey: Guid(e8f72cffbe1be394ea6759870e18e25c) Importer(815301076,1909f56bfc062723c751e8b465ee728b)
Start importing Assets/Audio/SoundFX/Enviornment/AudioOverrideGroup.asset using Guid(e8f72cffbe1be394ea6759870e18e25c) Importer(815301076,1909f56bfc062723c751e8b465ee728b)  -> (artifact id: '0bb9b9e5af324bdc09969f1953b59f8e') in 0.034628 seconds 
========================================================================
Received Import Request.
  Time since last request: 16.177066 seconds.
  path: Assets/Audio/SoundFX/Footsteps/AudioOverrideGroup.asset
  artifactKey: Guid(831f3267d3fc43f4ab85e20ca541beb6) Importer(815301076,1909f56bfc062723c751e8b465ee728b)
Start importing Assets/Audio/SoundFX/Footsteps/AudioOverrideGroup.asset using Guid(831f3267d3fc43f4ab85e20ca541beb6) Importer(815301076,1909f56bfc062723c751e8b465ee728b)  -> (artifact id: '2b15aba109130da9342cb4810f7fe493') in 0.002172 seconds 
========================================================================
Received Import Request.
  Time since last request: 11.788818 seconds.
  path: Assets/Audio/SoundFX/Misc/AudioOverrideGroup.asset
  artifactKey: Guid(0245bfba9b280b94a9c58d0dcab0f218) Importer(815301076,1909f56bfc062723c751e8b465ee728b)
Start importing Assets/Audio/SoundFX/Misc/AudioOverrideGroup.asset using Guid(0245bfba9b280b94a9c58d0dcab0f218) Importer(815301076,1909f56bfc062723c751e8b465ee728b)  -> (artifact id: '8c52f7c87d7b728f653d0c730b85da79') in 0.002431 seconds 
========================================================================
Received Import Request.
  Time since last request: 12.030548 seconds.
  path: Assets/Audio/SoundFX/Voices/AudioOverrideGroup.asset
  artifactKey: Guid(76854146a36f6534489903e3c9f30e7b) Importer(815301076,1909f56bfc062723c751e8b465ee728b)
Start importing Assets/Audio/SoundFX/Voices/AudioOverrideGroup.asset using Guid(76854146a36f6534489903e3c9f30e7b) Importer(815301076,1909f56bfc062723c751e8b465ee728b)  -> (artifact id: '71e6a8abaa2e43305897e12417225135') in 0.001992 seconds 
========================================================================
Received Import Request.
  Time since last request: 5.814827 seconds.
  path: Assets/Audio/SoundFX/Voices/AudioOverrideGroup.asset
  artifactKey: Guid(76854146a36f6534489903e3c9f30e7b) Importer(815301076,1909f56bfc062723c751e8b465ee728b)
Start importing Assets/Audio/SoundFX/Voices/AudioOverrideGroup.asset using Guid(76854146a36f6534489903e3c9f30e7b) Importer(815301076,1909f56bfc062723c751e8b465ee728b)  -> (artifact id: '3782be22a30f5e55881a41945d9f4385') in 0.003863 seconds 
========================================================================
Received Import Request.
  Time since last request: 9.557478 seconds.
  path: Assets/Resources/Core_Config/AppConfig.asset
  artifactKey: Guid(97eb77a3421628f44bf76d4d87f83b48) Importer(815301076,1909f56bfc062723c751e8b465ee728b)
Start importing Assets/Resources/Core_Config/AppConfig.asset using Guid(97eb77a3421628f44bf76d4d87f83b48) Importer(815301076,1909f56bfc062723c751e8b465ee728b)  -> (artifact id: '77fc35b74e85a790ee9b2e6207a93eee') in 0.087202 seconds 
========================================================================
Received Import Request.
  Time since last request: 14.977460 seconds.
  path: Assets/Editor/Core/AudioManagerEditor.cs
  artifactKey: Guid(36106da576298914f80fbb3c0002f95e) Importer(815301076,1909f56bfc062723c751e8b465ee728b)
Start importing Assets/Editor/Core/AudioManagerEditor.cs using Guid(36106da576298914f80fbb3c0002f95e) Importer(815301076,1909f56bfc062723c751e8b465ee728b)  -> (artifact id: '8f3c0be1ee24ae883b1f04cda8ead0a9') in 0.038740 seconds 
========================================================================
Received Prepare
Registering precompiled user dll's ...
Registered in 0.004812 seconds.
Begin MonoManager ReloadAssembly
Symbol file LoadedFromMemory doesn't match image D:\Documents\Code\Personal-Projects\curly-unity-starter\Library\PackageCache\com.unity.visualscripting@1.8.0\Editor\VisualScripting.Core\Dependencies\YamlDotNet\Unity.VisualScripting.YamlDotNet.dll
Symbol file LoadedFromMemory doesn't match image D:\Documents\Code\Personal-Projects\curly-unity-starter\Library\PackageCache\com.unity.visualscripting@1.8.0\Editor\VisualScripting.Core\Dependencies\DotNetZip\Unity.VisualScripting.IonicZip.dll
Native extension for WindowsStandalone target not found
Refreshing native plugins compatible for Editor in 1.70 ms, found 2 plugins.
Preloading 0 native plugins for Editor in 0.00 ms.
Mono: successfully reloaded assembly
- Completed reload, in  0.976 seconds
Domain Reload Profiling:
	ReloadAssembly (977ms)
		BeginReloadAssembly (128ms)
			ExecutionOrderSort (0ms)
			DisableScriptedObjects (6ms)
			BackupInstance (0ms)
			ReleaseScriptingObjects (0ms)
			CreateAndSetChildDomain (37ms)
		EndReloadAssembly (768ms)
			LoadAssemblies (79ms)
			RebuildTransferFunctionScriptingTraits (0ms)
			SetupTypeCache (203ms)
			ReleaseScriptCaches (2ms)
			RebuildScriptCaches (41ms)
			SetupLoadedEditorAssemblies (338ms)
				LogAssemblyErrors (0ms)
				InitializePlatformSupportModulesInManaged (6ms)
				SetLoadedEditorAssemblies (0ms)
				RefreshPlugins (2ms)
				BeforeProcessingInitializeOnLoad (77ms)
				ProcessInitializeOnLoadAttributes (166ms)
				ProcessInitializeOnLoadMethodAttributes (82ms)
				AfterProcessingInitializeOnLoad (6ms)
				EditorAssembliesLoaded (0ms)
			ExecutionOrderSort2 (0ms)
			AwakeInstancesAfterBackupRestoration (66ms)
Platform modules already initialized, skipping
Refreshing native plugins compatible for Editor in 3.41 ms, found 2 plugins.
Preloading 0 native plugins for Editor in 0.00 ms.
Unloading 5674 Unused Serialized files (Serialized files now loaded: 0)
Unloading 38 unused Assets / (1.2 MB). Loaded Objects now: 6238.
Memory consumption went from 222.4 MB to 221.2 MB.
Total: 5.680700 ms (FindLiveObjects: 0.729400 ms CreateObjectMapping: 0.260300 ms MarkObjects: 4.033300 ms  DeleteObjects: 0.656400 ms)

AssetImportParameters requested are different than current active one (requested -> active):
  custom:video-decoder-ogg-theora: a1e56fd34408186e4bbccfd4996cb3dc -> 
  custom:container-muxer-webm: aa71ff27fc2769a1b78a27578f13a17b -> 
  custom:container-demuxer-webm: 4f35f7cbe854078d1ac9338744f61a02 -> 
  custom:video-encoder-webm-vp8: eb34c28f22e8b96e1ab97ce403110664 -> 
  custom:video-codec-MediaFoundation-h265: 746d11721c4dcdbdad8f713fa42b33f4 -> 
  custom:audio-encoder-webm-vorbis: bf7c407c2cedff20999df2af8eb42d56 -> 
  custom:framework-win-MediaFoundation: 216162199b28c13a410421893ffa2e32 -> 
  custom:container-demuxer-ogg: 62fdf1f143b41e24485cea50d1cbac27 -> 
  custom:video-decoder-webm-vp8: 9c59270c3fd7afecdb556c50c9e8de78 -> 
  custom:audio-decoder-ogg-vorbis: bf7c407c2cedff20999df2af8eb42d56 -> 
========================================================================
Received Prepare
Registering precompiled user dll's ...
Registered in 0.003941 seconds.
Begin MonoManager ReloadAssembly
Symbol file LoadedFromMemory doesn't match image D:\Documents\Code\Personal-Projects\curly-unity-starter\Library\PackageCache\com.unity.visualscripting@1.8.0\Editor\VisualScripting.Core\Dependencies\YamlDotNet\Unity.VisualScripting.YamlDotNet.dll
Symbol file LoadedFromMemory doesn't match image D:\Documents\Code\Personal-Projects\curly-unity-starter\Library\PackageCache\com.unity.visualscripting@1.8.0\Editor\VisualScripting.Core\Dependencies\DotNetZip\Unity.VisualScripting.IonicZip.dll
Native extension for WindowsStandalone target not found
Refreshing native plugins compatible for Editor in 1.14 ms, found 2 plugins.
Preloading 0 native plugins for Editor in 0.00 ms.
Mono: successfully reloaded assembly
- Completed reload, in  1.047 seconds
Domain Reload Profiling:
	ReloadAssembly (1048ms)
		BeginReloadAssembly (132ms)
			ExecutionOrderSort (0ms)
			DisableScriptedObjects (8ms)
			BackupInstance (0ms)
			ReleaseScriptingObjects (0ms)
			CreateAndSetChildDomain (38ms)
		EndReloadAssembly (831ms)
			LoadAssemblies (85ms)
			RebuildTransferFunctionScriptingTraits (0ms)
			SetupTypeCache (196ms)
			ReleaseScriptCaches (2ms)
			RebuildScriptCaches (42ms)
			SetupLoadedEditorAssemblies (400ms)
				LogAssemblyErrors (0ms)
				InitializePlatformSupportModulesInManaged (5ms)
				SetLoadedEditorAssemblies (0ms)
				RefreshPlugins (1ms)
				BeforeProcessingInitializeOnLoad (87ms)
				ProcessInitializeOnLoadAttributes (202ms)
				ProcessInitializeOnLoadMethodAttributes (98ms)
				AfterProcessingInitializeOnLoad (6ms)
				EditorAssembliesLoaded (0ms)
			ExecutionOrderSort2 (0ms)
			AwakeInstancesAfterBackupRestoration (70ms)
Platform modules already initialized, skipping
Refreshing native plugins compatible for Editor in 2.41 ms, found 2 plugins.
Preloading 0 native plugins for Editor in 0.00 ms.
Unloading 5674 Unused Serialized files (Serialized files now loaded: 0)
Unloading 38 unused Assets / (1.2 MB). Loaded Objects now: 6241.
Memory consumption went from 222.4 MB to 221.2 MB.
Total: 4.323100 ms (FindLiveObjects: 0.542600 ms CreateObjectMapping: 0.248000 ms MarkObjects: 2.855000 ms  DeleteObjects: 0.676700 ms)

AssetImportParameters requested are different than current active one (requested -> active):
  custom:video-decoder-ogg-theora: a1e56fd34408186e4bbccfd4996cb3dc -> 
  custom:container-muxer-webm: aa71ff27fc2769a1b78a27578f13a17b -> 
  custom:container-demuxer-webm: 4f35f7cbe854078d1ac9338744f61a02 -> 
  custom:video-encoder-webm-vp8: eb34c28f22e8b96e1ab97ce403110664 -> 
  custom:video-codec-MediaFoundation-h265: 746d11721c4dcdbdad8f713fa42b33f4 -> 
  custom:audio-encoder-webm-vorbis: bf7c407c2cedff20999df2af8eb42d56 -> 
  custom:framework-win-MediaFoundation: 216162199b28c13a410421893ffa2e32 -> 
  custom:container-demuxer-ogg: 62fdf1f143b41e24485cea50d1cbac27 -> 
  custom:video-decoder-webm-vp8: 9c59270c3fd7afecdb556c50c9e8de78 -> 
  custom:audio-decoder-ogg-vorbis: bf7c407c2cedff20999df2af8eb42d56 -> 
========================================================================
Received Import Request.
  Time since last request: 468.184124 seconds.
  path: Assets/Editor/Core/AudioManagerEditor.cs
  artifactKey: Guid(36106da576298914f80fbb3c0002f95e) Importer(815301076,1909f56bfc062723c751e8b465ee728b)
Start importing Assets/Editor/Core/AudioManagerEditor.cs using Guid(36106da576298914f80fbb3c0002f95e) Importer(815301076,1909f56bfc062723c751e8b465ee728b)  -> (artifact id: '4a668001c3a83dec8063de21cde51899') in 0.011337 seconds 
========================================================================
Received Import Request.
  Time since last request: 8.250139 seconds.
  path: Packages/com.unity.scriptablebuildpipeline/Editor/CacheServer/UnityEditor.CacheServer.asmdef
  artifactKey: Guid(27fb11404301449859aa664f4cb020e0) Importer(815301076,1909f56bfc062723c751e8b465ee728b)
Start importing Packages/com.unity.scriptablebuildpipeline/Editor/CacheServer/UnityEditor.CacheServer.asmdef using Guid(27fb11404301449859aa664f4cb020e0) Importer(815301076,1909f56bfc062723c751e8b465ee728b)  -> (artifact id: 'a433036bf9824527a43fa43babbac261') in 0.017618 seconds 
========================================================================
Received Import Request.
  Time since last request: 11.724775 seconds.
  path: Assets/Editor/Editor.asmdef
  artifactKey: Guid(b45178e8935f1b443967ba52fb8915ff) Importer(815301076,1909f56bfc062723c751e8b465ee728b)
Start importing Assets/Editor/Editor.asmdef using Guid(b45178e8935f1b443967ba52fb8915ff) Importer(815301076,1909f56bfc062723c751e8b465ee728b)  -> (artifact id: '7142f92e96f3a87108268a933e5a405b') in 0.013302 seconds 
========================================================================
Received Import Request.
  Time since last request: 77.239788 seconds.
  path: Packages/com.unity.addressables/Editor/AddressableAssetSettingsDefaultObject.cs
  artifactKey: Guid(3a189bb168d8d90478a09ea08c2f3d72) Importer(815301076,1909f56bfc062723c751e8b465ee728b)
Start importing Packages/com.unity.addressables/Editor/AddressableAssetSettingsDefaultObject.cs using Guid(3a189bb168d8d90478a09ea08c2f3d72) Importer(815301076,1909f56bfc062723c751e8b465ee728b)  -> (artifact id: 'f7171b68efb7a745e6a9592fb1e8a969') in 0.009735 seconds 
========================================================================
Received Import Request.
  Time since last request: 1.246000 seconds.
  path: Packages/com.unity.addressables/Editor/AddressableEditorInitialization.cs
  artifactKey: Guid(bf8251aa3d694f2459ee1fbb73cf9123) Importer(815301076,1909f56bfc062723c751e8b465ee728b)
Start importing Packages/com.unity.addressables/Editor/AddressableEditorInitialization.cs using Guid(bf8251aa3d694f2459ee1fbb73cf9123) Importer(815301076,1909f56bfc062723c751e8b465ee728b)  -> (artifact id: '0879977a2d68a2b1e124931649a122b0') in 0.009148 seconds 
========================================================================
Received Import Request.
  Time since last request: 1.083877 seconds.
  path: Packages/com.unity.addressables/Editor/AssemblyInfo.cs
  artifactKey: Guid(053ca114086a74fd6842a2f9944a47cc) Importer(815301076,1909f56bfc062723c751e8b465ee728b)
Start importing Packages/com.unity.addressables/Editor/AssemblyInfo.cs using Guid(053ca114086a74fd6842a2f9944a47cc) Importer(815301076,1909f56bfc062723c751e8b465ee728b)  -> (artifact id: 'f798fe0f443d1672a7a841db2dc6e9c7') in 0.009364 seconds 
========================================================================
Received Import Request.
  Time since last request: 3.305794 seconds.
  path: Assets/AddressableAssetsData/AddressableAssetSettings.asset
  artifactKey: Guid(8bf41b2f4f13e9b42a85e4f9bc8cecca) Importer(815301076,1909f56bfc062723c751e8b465ee728b)
Start importing Assets/AddressableAssetsData/AddressableAssetSettings.asset using Guid(8bf41b2f4f13e9b42a85e4f9bc8cecca) Importer(815301076,1909f56bfc062723c751e8b465ee728b)  -> (artifact id: 'b426a345fc9806b9df4092a46d8e5ca9') in 0.034429 seconds 
========================================================================
Received Import Request.
  Time since last request: 13.416160 seconds.
  path: Assets/TextMesh Pro/Resources/TMP Settings.asset
  artifactKey: Guid(3f5b5dff67a942289a9defa416b206f3) Importer(815301076,1909f56bfc062723c751e8b465ee728b)
Start importing Assets/TextMesh Pro/Resources/TMP Settings.asset using Guid(3f5b5dff67a942289a9defa416b206f3) Importer(815301076,1909f56bfc062723c751e8b465ee728b)  -> (artifact id: '7d39d3b365ae06f4a5d582e5614ba55e') in 0.087564 seconds 
========================================================================
Received Import Request.
  Time since last request: 2.887145 seconds.
  path: Assets/Settings
  artifactKey: Guid(0220aab0833d04faeb927d84ca6cc40c) Importer(815301076,1909f56bfc062723c751e8b465ee728b)
Start importing Assets/Settings using Guid(0220aab0833d04faeb927d84ca6cc40c) Importer(815301076,1909f56bfc062723c751e8b465ee728b)  -> (artifact id: 'd681da83228de6eb57118ec3dd4db8fe') in 0.008100 seconds 
========================================================================
Received Import Request.
  Time since last request: 1.743168 seconds.
  path: Assets/Plugins/Demigiant/DOTween/DOTween.dll
  artifactKey: Guid(a811bde74b26b53498b4f6d872b09b6d) Importer(815301076,1909f56bfc062723c751e8b465ee728b)
Start importing Assets/Plugins/Demigiant/DOTween/DOTween.dll using Guid(a811bde74b26b53498b4f6d872b09b6d) Importer(815301076,1909f56bfc062723c751e8b465ee728b)  -> (artifact id: '86780fb54f4fcb691e7e34b0492e3481') in 0.014769 seconds 
========================================================================
Received Import Request.
  Time since last request: 0.470852 seconds.
  path: Assets/Plugins/Demigiant/DOTween/Editor/DOTweenEditor.dll
  artifactKey: Guid(45d5034162d6cf04dbe46da84fc7d074) Importer(815301076,1909f56bfc062723c751e8b465ee728b)
Start importing Assets/Plugins/Demigiant/DOTween/Editor/DOTweenEditor.dll using Guid(45d5034162d6cf04dbe46da84fc7d074) Importer(815301076,1909f56bfc062723c751e8b465ee728b)  -> (artifact id: 'e706a99d72e2683ab9764756c02baf49') in 0.008212 seconds 
========================================================================
Received Import Request.
  Time since last request: 3.423895 seconds.
  path: Assets/AddressableAssetsData/DefaultObject.asset
  artifactKey: Guid(b3deaea1c1e46ec4e8afa322a3d1bfa1) Importer(815301076,1909f56bfc062723c751e8b465ee728b)
Start importing Assets/AddressableAssetsData/DefaultObject.asset using Guid(b3deaea1c1e46ec4e8afa322a3d1bfa1) Importer(815301076,1909f56bfc062723c751e8b465ee728b)  -> (artifact id: '751aa49dfc3b85d6a390dceaec32e894') in 0.007610 seconds 
========================================================================
Received Prepare
Registering precompiled user dll's ...
Registered in 0.004184 seconds.
Begin MonoManager ReloadAssembly
Symbol file LoadedFromMemory doesn't match image D:\Documents\Code\Personal-Projects\curly-unity-starter\Library\PackageCache\com.unity.visualscripting@1.8.0\Editor\VisualScripting.Core\Dependencies\YamlDotNet\Unity.VisualScripting.YamlDotNet.dll
Symbol file LoadedFromMemory doesn't match image D:\Documents\Code\Personal-Projects\curly-unity-starter\Library\PackageCache\com.unity.visualscripting@1.8.0\Editor\VisualScripting.Core\Dependencies\DotNetZip\Unity.VisualScripting.IonicZip.dll
Native extension for WindowsStandalone target not found
Refreshing native plugins compatible for Editor in 1.12 ms, found 2 plugins.
Preloading 0 native plugins for Editor in 0.00 ms.
Mono: successfully reloaded assembly
- Completed reload, in  1.018 seconds
Domain Reload Profiling:
	ReloadAssembly (1019ms)
		BeginReloadAssembly (136ms)
			ExecutionOrderSort (0ms)
			DisableScriptedObjects (7ms)
			BackupInstance (0ms)
			ReleaseScriptingObjects (0ms)
			CreateAndSetChildDomain (37ms)
		EndReloadAssembly (794ms)
			LoadAssemblies (95ms)
			RebuildTransferFunctionScriptingTraits (0ms)
			SetupTypeCache (205ms)
			ReleaseScriptCaches (2ms)
			RebuildScriptCaches (39ms)
			SetupLoadedEditorAssemblies (417ms)
				LogAssemblyErrors (0ms)
				InitializePlatformSupportModulesInManaged (4ms)
				SetLoadedEditorAssemblies (0ms)
				RefreshPlugins (1ms)
				BeforeProcessingInitializeOnLoad (81ms)
				ProcessInitializeOnLoadAttributes (175ms)
				ProcessInitializeOnLoadMethodAttributes (150ms)
				AfterProcessingInitializeOnLoad (6ms)
				EditorAssembliesLoaded (0ms)
			ExecutionOrderSort2 (0ms)
			AwakeInstancesAfterBackupRestoration (14ms)
Platform modules already initialized, skipping
Refreshing native plugins compatible for Editor in 2.80 ms, found 2 plugins.
Preloading 0 native plugins for Editor in 0.00 ms.
Unloading 5676 Unused Serialized files (Serialized files now loaded: 0)
Unloading 39 unused Assets / (1.2 MB). Loaded Objects now: 6243.
Memory consumption went from 222.5 MB to 221.3 MB.
Total: 5.506400 ms (FindLiveObjects: 0.397400 ms CreateObjectMapping: 0.146600 ms MarkObjects: 4.233300 ms  DeleteObjects: 0.727800 ms)

AssetImportParameters requested are different than current active one (requested -> active):
  custom:video-decoder-ogg-theora: a1e56fd34408186e4bbccfd4996cb3dc -> 
  custom:container-muxer-webm: aa71ff27fc2769a1b78a27578f13a17b -> 
  custom:container-demuxer-webm: 4f35f7cbe854078d1ac9338744f61a02 -> 
  custom:video-encoder-webm-vp8: eb34c28f22e8b96e1ab97ce403110664 -> 
  custom:video-codec-MediaFoundation-h265: 746d11721c4dcdbdad8f713fa42b33f4 -> 
  custom:audio-encoder-webm-vorbis: bf7c407c2cedff20999df2af8eb42d56 -> 
  custom:framework-win-MediaFoundation: 216162199b28c13a410421893ffa2e32 -> 
  custom:container-demuxer-ogg: 62fdf1f143b41e24485cea50d1cbac27 -> 
  custom:video-decoder-webm-vp8: 9c59270c3fd7afecdb556c50c9e8de78 -> 
  custom:audio-decoder-ogg-vorbis: bf7c407c2cedff20999df2af8eb42d56 -> 
========================================================================
Received Import Request.
  Time since last request: 253.357091 seconds.
  path: Assets/Audio/SoundFX/Misc/AudioOverrideGroup.asset
  artifactKey: Guid(0245bfba9b280b94a9c58d0dcab0f218) Importer(815301076,1909f56bfc062723c751e8b465ee728b)
Start importing Assets/Audio/SoundFX/Misc/AudioOverrideGroup.asset using Guid(0245bfba9b280b94a9c58d0dcab0f218) Importer(815301076,1909f56bfc062723c751e8b465ee728b)  -> (artifact id: '2f18807f2984f39c4131fbce725f9212') in 0.022516 seconds 
========================================================================
Received Import Request.
  Time since last request: 182.162729 seconds.
  path: Assets/AddressableAssetsData/AssetGroups/Default Local Group.asset
  artifactKey: Guid(0450f40d2e8d93444ab61433db52f4f4) Importer(815301076,1909f56bfc062723c751e8b465ee728b)
Start importing Assets/AddressableAssetsData/AssetGroups/Default Local Group.asset using Guid(0450f40d2e8d93444ab61433db52f4f4) Importer(815301076,1909f56bfc062723c751e8b465ee728b)  -> (artifact id: 'a20ae2a2482a216cf11a6c42a7ab3182') in 0.014769 seconds 
========================================================================
Received Import Request.
  Time since last request: 40.202982 seconds.
  path: Assets/AddressableAssetsData/AssetGroups/Default Local Group.asset
  artifactKey: Guid(0450f40d2e8d93444ab61433db52f4f4) Importer(815301076,1909f56bfc062723c751e8b465ee728b)
Start importing Assets/AddressableAssetsData/AssetGroups/Default Local Group.asset using Guid(0450f40d2e8d93444ab61433db52f4f4) Importer(815301076,1909f56bfc062723c751e8b465ee728b)  -> (artifact id: '11c06444945b51b7c221e1bde5804d50') in 0.010647 seconds 
========================================================================
Received Import Request.
  Time since last request: 0.993219 seconds.
  path: Assets/AddressableAssetsData/AssetGroups/Packed Assets.asset
  artifactKey: Guid(ca940ced3b6189144ad8cc6602b108ea) Importer(815301076,1909f56bfc062723c751e8b465ee728b)
Start importing Assets/AddressableAssetsData/AssetGroups/Packed Assets.asset using Guid(ca940ced3b6189144ad8cc6602b108ea) Importer(815301076,1909f56bfc062723c751e8b465ee728b)  -> (artifact id: '4e36572a42b43e0f0a076d8910a4795b') in 0.016356 seconds 
========================================================================
Received Import Request.
  Time since last request: 5.490729 seconds.
  path: Assets/AddressableAssetsData/AssetGroups/Audio.asset
  artifactKey: Guid(ca940ced3b6189144ad8cc6602b108ea) Importer(815301076,1909f56bfc062723c751e8b465ee728b)
Start importing Assets/AddressableAssetsData/AssetGroups/Audio.asset using Guid(ca940ced3b6189144ad8cc6602b108ea) Importer(815301076,1909f56bfc062723c751e8b465ee728b)  -> (artifact id: 'de8a1eac14377f2375cb330cbf5837e6') in 0.015217 seconds 
========================================================================
Received Import Request.
  Time since last request: 24.683496 seconds.
  path: Assets/AddressableAssetsData/AssetGroups/Audio.asset
  artifactKey: Guid(ca940ced3b6189144ad8cc6602b108ea) Importer(815301076,1909f56bfc062723c751e8b465ee728b)
Start importing Assets/AddressableAssetsData/AssetGroups/Audio.asset using Guid(ca940ced3b6189144ad8cc6602b108ea) Importer(815301076,1909f56bfc062723c751e8b465ee728b)  -> (artifact id: 'e29c4527a2fe30d1b5f9ce83b9f1e259') in 0.011289 seconds 
========================================================================
Received Import Request.
  Time since last request: 7.856459 seconds.
  path: Assets/Code/Core/AudioManager.asset
  artifactKey: Guid(d577fc83f5d8456478e3ae9f4d50ee27) Importer(815301076,1909f56bfc062723c751e8b465ee728b)
Start importing Assets/Code/Core/AudioManager.asset using Guid(d577fc83f5d8456478e3ae9f4d50ee27) Importer(815301076,1909f56bfc062723c751e8b465ee728b)  -> (artifact id: '51556821e2362d94a4a4bb24332de9eb') in 0.007472 seconds 
========================================================================
Received Prepare
Registering precompiled user dll's ...
Registered in 0.002807 seconds.
Begin MonoManager ReloadAssembly
Symbol file LoadedFromMemory doesn't match image D:\Documents\Code\Personal-Projects\curly-unity-starter\Library\PackageCache\com.unity.visualscripting@1.8.0\Editor\VisualScripting.Core\Dependencies\YamlDotNet\Unity.VisualScripting.YamlDotNet.dll
Symbol file LoadedFromMemory doesn't match image D:\Documents\Code\Personal-Projects\curly-unity-starter\Library\PackageCache\com.unity.visualscripting@1.8.0\Editor\VisualScripting.Core\Dependencies\DotNetZip\Unity.VisualScripting.IonicZip.dll
Native extension for WindowsStandalone target not found
Refreshing native plugins compatible for Editor in 1.07 ms, found 2 plugins.
Preloading 0 native plugins for Editor in 0.00 ms.
Mono: successfully reloaded assembly
- Completed reload, in  1.098 seconds
Domain Reload Profiling:
	ReloadAssembly (1099ms)
		BeginReloadAssembly (157ms)
			ExecutionOrderSort (0ms)
			DisableScriptedObjects (7ms)
			BackupInstance (0ms)
			ReleaseScriptingObjects (0ms)
			CreateAndSetChildDomain (40ms)
		EndReloadAssembly (860ms)
			LoadAssemblies (108ms)
			RebuildTransferFunctionScriptingTraits (0ms)
			SetupTypeCache (239ms)
			ReleaseScriptCaches (3ms)
			RebuildScriptCaches (63ms)
			SetupLoadedEditorAssemblies (418ms)
				LogAssemblyErrors (0ms)
				InitializePlatformSupportModulesInManaged (5ms)
				SetLoadedEditorAssemblies (0ms)
				RefreshPlugins (1ms)
				BeforeProcessingInitializeOnLoad (77ms)
				ProcessInitializeOnLoadAttributes (172ms)
				ProcessInitializeOnLoadMethodAttributes (157ms)
				AfterProcessingInitializeOnLoad (6ms)
				EditorAssembliesLoaded (0ms)
			ExecutionOrderSort2 (0ms)
			AwakeInstancesAfterBackupRestoration (12ms)
Platform modules already initialized, skipping
Refreshing native plugins compatible for Editor in 1.90 ms, found 2 plugins.
Preloading 0 native plugins for Editor in 0.00 ms.
Unloading 5677 Unused Serialized files (Serialized files now loaded: 0)
Unloading 38 unused Assets / (1.2 MB). Loaded Objects now: 6246.
Memory consumption went from 222.5 MB to 221.3 MB.
Total: 3.892000 ms (FindLiveObjects: 0.480200 ms CreateObjectMapping: 0.135800 ms MarkObjects: 2.775700 ms  DeleteObjects: 0.498900 ms)

AssetImportParameters requested are different than current active one (requested -> active):
  custom:video-decoder-ogg-theora: a1e56fd34408186e4bbccfd4996cb3dc -> 
  custom:container-muxer-webm: aa71ff27fc2769a1b78a27578f13a17b -> 
  custom:container-demuxer-webm: 4f35f7cbe854078d1ac9338744f61a02 -> 
  custom:video-encoder-webm-vp8: eb34c28f22e8b96e1ab97ce403110664 -> 
  custom:video-codec-MediaFoundation-h265: 746d11721c4dcdbdad8f713fa42b33f4 -> 
  custom:audio-encoder-webm-vorbis: bf7c407c2cedff20999df2af8eb42d56 -> 
  custom:framework-win-MediaFoundation: 216162199b28c13a410421893ffa2e32 -> 
  custom:container-demuxer-ogg: 62fdf1f143b41e24485cea50d1cbac27 -> 
  custom:video-decoder-webm-vp8: 9c59270c3fd7afecdb556c50c9e8de78 -> 
  custom:audio-decoder-ogg-vorbis: bf7c407c2cedff20999df2af8eb42d56 -> 
========================================================================
Received Prepare
Registering precompiled user dll's ...
Registered in 0.003704 seconds.
Begin MonoManager ReloadAssembly
Symbol file LoadedFromMemory doesn't match image D:\Documents\Code\Personal-Projects\curly-unity-starter\Library\PackageCache\com.unity.visualscripting@1.8.0\Editor\VisualScripting.Core\Dependencies\YamlDotNet\Unity.VisualScripting.YamlDotNet.dll
Symbol file LoadedFromMemory doesn't match image D:\Documents\Code\Personal-Projects\curly-unity-starter\Library\PackageCache\com.unity.visualscripting@1.8.0\Editor\VisualScripting.Core\Dependencies\DotNetZip\Unity.VisualScripting.IonicZip.dll
Native extension for WindowsStandalone target not found
Refreshing native plugins compatible for Editor in 1.67 ms, found 2 plugins.
Preloading 0 native plugins for Editor in 0.00 ms.
Mono: successfully reloaded assembly
- Completed reload, in  1.043 seconds
Domain Reload Profiling:
	ReloadAssembly (1044ms)
		BeginReloadAssembly (145ms)
			ExecutionOrderSort (0ms)
			DisableScriptedObjects (6ms)
			BackupInstance (0ms)
			ReleaseScriptingObjects (0ms)
			CreateAndSetChildDomain (37ms)
		EndReloadAssembly (810ms)
			LoadAssemblies (96ms)
			RebuildTransferFunctionScriptingTraits (0ms)
			SetupTypeCache (203ms)
			ReleaseScriptCaches (2ms)
			RebuildScriptCaches (41ms)
			SetupLoadedEditorAssemblies (437ms)
				LogAssemblyErrors (0ms)
				InitializePlatformSupportModulesInManaged (6ms)
				SetLoadedEditorAssemblies (0ms)
				RefreshPlugins (2ms)
				BeforeProcessingInitializeOnLoad (84ms)
				ProcessInitializeOnLoadAttributes (178ms)
				ProcessInitializeOnLoadMethodAttributes (160ms)
				AfterProcessingInitializeOnLoad (6ms)
				EditorAssembliesLoaded (0ms)
			ExecutionOrderSort2 (0ms)
			AwakeInstancesAfterBackupRestoration (12ms)
Platform modules already initialized, skipping
Refreshing native plugins compatible for Editor in 3.54 ms, found 2 plugins.
Preloading 0 native plugins for Editor in 0.00 ms.
Unloading 5677 Unused Serialized files (Serialized files now loaded: 0)
Unloading 39 unused Assets / (1.2 MB). Loaded Objects now: 6249.
Memory consumption went from 222.6 MB to 221.3 MB.
Total: 6.965300 ms (FindLiveObjects: 0.561000 ms CreateObjectMapping: 0.718200 ms MarkObjects: 5.113700 ms  DeleteObjects: 0.570800 ms)

AssetImportParameters requested are different than current active one (requested -> active):
  custom:video-decoder-ogg-theora: a1e56fd34408186e4bbccfd4996cb3dc -> 
  custom:container-muxer-webm: aa71ff27fc2769a1b78a27578f13a17b -> 
  custom:container-demuxer-webm: 4f35f7cbe854078d1ac9338744f61a02 -> 
  custom:video-encoder-webm-vp8: eb34c28f22e8b96e1ab97ce403110664 -> 
  custom:video-codec-MediaFoundation-h265: 746d11721c4dcdbdad8f713fa42b33f4 -> 
  custom:audio-encoder-webm-vorbis: bf7c407c2cedff20999df2af8eb42d56 -> 
  custom:framework-win-MediaFoundation: 216162199b28c13a410421893ffa2e32 -> 
  custom:container-demuxer-ogg: 62fdf1f143b41e24485cea50d1cbac27 -> 
  custom:video-decoder-webm-vp8: 9c59270c3fd7afecdb556c50c9e8de78 -> 
  custom:audio-decoder-ogg-vorbis: bf7c407c2cedff20999df2af8eb42d56 -> 
========================================================================
Received Prepare
Registering precompiled user dll's ...
Registered in 0.004963 seconds.
Begin MonoManager ReloadAssembly
Symbol file LoadedFromMemory doesn't match image D:\Documents\Code\Personal-Projects\curly-unity-starter\Library\PackageCache\com.unity.visualscripting@1.8.0\Editor\VisualScripting.Core\Dependencies\YamlDotNet\Unity.VisualScripting.YamlDotNet.dll
Symbol file LoadedFromMemory doesn't match image D:\Documents\Code\Personal-Projects\curly-unity-starter\Library\PackageCache\com.unity.visualscripting@1.8.0\Editor\VisualScripting.Core\Dependencies\DotNetZip\Unity.VisualScripting.IonicZip.dll
Native extension for WindowsStandalone target not found
Refreshing native plugins compatible for Editor in 1.68 ms, found 2 plugins.
Preloading 0 native plugins for Editor in 0.00 ms.
Mono: successfully reloaded assembly
- Completed reload, in  1.010 seconds
Domain Reload Profiling:
	ReloadAssembly (1010ms)
		BeginReloadAssembly (126ms)
			ExecutionOrderSort (0ms)
			DisableScriptedObjects (6ms)
			BackupInstance (0ms)
			ReleaseScriptingObjects (0ms)
			CreateAndSetChildDomain (37ms)
		EndReloadAssembly (802ms)
			LoadAssemblies (84ms)
			RebuildTransferFunctionScriptingTraits (0ms)
			SetupTypeCache (197ms)
			ReleaseScriptCaches (2ms)
			RebuildScriptCaches (42ms)
			SetupLoadedEditorAssemblies (420ms)
				LogAssemblyErrors (0ms)
				InitializePlatformSupportModulesInManaged (6ms)
				SetLoadedEditorAssemblies (0ms)
				RefreshPlugins (2ms)
				BeforeProcessingInitializeOnLoad (78ms)
				ProcessInitializeOnLoadAttributes (174ms)
				ProcessInitializeOnLoadMethodAttributes (150ms)
				AfterProcessingInitializeOnLoad (9ms)
				EditorAssembliesLoaded (0ms)
			ExecutionOrderSort2 (0ms)
			AwakeInstancesAfterBackupRestoration (16ms)
Platform modules already initialized, skipping
Refreshing native plugins compatible for Editor in 2.05 ms, found 2 plugins.
Preloading 0 native plugins for Editor in 0.00 ms.
Unloading 5677 Unused Serialized files (Serialized files now loaded: 0)
Unloading 38 unused Assets / (1.2 MB). Loaded Objects now: 6252.
Memory consumption went from 222.6 MB to 221.3 MB.
Total: 4.503700 ms (FindLiveObjects: 0.347200 ms CreateObjectMapping: 0.297000 ms MarkObjects: 3.310400 ms  DeleteObjects: 0.548600 ms)

AssetImportParameters requested are different than current active one (requested -> active):
  custom:video-decoder-ogg-theora: a1e56fd34408186e4bbccfd4996cb3dc -> 
  custom:container-muxer-webm: aa71ff27fc2769a1b78a27578f13a17b -> 
  custom:container-demuxer-webm: 4f35f7cbe854078d1ac9338744f61a02 -> 
  custom:video-encoder-webm-vp8: eb34c28f22e8b96e1ab97ce403110664 -> 
  custom:video-codec-MediaFoundation-h265: 746d11721c4dcdbdad8f713fa42b33f4 -> 
  custom:audio-encoder-webm-vorbis: bf7c407c2cedff20999df2af8eb42d56 -> 
  custom:framework-win-MediaFoundation: 216162199b28c13a410421893ffa2e32 -> 
  custom:container-demuxer-ogg: 62fdf1f143b41e24485cea50d1cbac27 -> 
  custom:video-decoder-webm-vp8: 9c59270c3fd7afecdb556c50c9e8de78 -> 
  custom:audio-decoder-ogg-vorbis: bf7c407c2cedff20999df2af8eb42d56 -> 
========================================================================
Received Prepare
Registering precompiled user dll's ...
Registered in 0.004317 seconds.
Begin MonoManager ReloadAssembly
Symbol file LoadedFromMemory doesn't match image D:\Documents\Code\Personal-Projects\curly-unity-starter\Library\PackageCache\com.unity.visualscripting@1.8.0\Editor\VisualScripting.Core\Dependencies\YamlDotNet\Unity.VisualScripting.YamlDotNet.dll
Symbol file LoadedFromMemory doesn't match image D:\Documents\Code\Personal-Projects\curly-unity-starter\Library\PackageCache\com.unity.visualscripting@1.8.0\Editor\VisualScripting.Core\Dependencies\DotNetZip\Unity.VisualScripting.IonicZip.dll
Native extension for WindowsStandalone target not found
Refreshing native plugins compatible for Editor in 1.18 ms, found 2 plugins.
Preloading 0 native plugins for Editor in 0.00 ms.
Mono: successfully reloaded assembly
- Completed reload, in  1.002 seconds
Domain Reload Profiling:
	ReloadAssembly (1003ms)
		BeginReloadAssembly (133ms)
			ExecutionOrderSort (0ms)
			DisableScriptedObjects (6ms)
			BackupInstance (0ms)
			ReleaseScriptingObjects (0ms)
			CreateAndSetChildDomain (42ms)
		EndReloadAssembly (793ms)
			LoadAssemblies (72ms)
			RebuildTransferFunctionScriptingTraits (0ms)
			SetupTypeCache (201ms)
			ReleaseScriptCaches (2ms)
			RebuildScriptCaches (46ms)
			SetupLoadedEditorAssemblies (416ms)
				LogAssemblyErrors (0ms)
				InitializePlatformSupportModulesInManaged (4ms)
				SetLoadedEditorAssemblies (0ms)
				RefreshPlugins (1ms)
				BeforeProcessingInitializeOnLoad (74ms)
				ProcessInitializeOnLoadAttributes (165ms)
				ProcessInitializeOnLoadMethodAttributes (163ms)
				AfterProcessingInitializeOnLoad (10ms)
				EditorAssembliesLoaded (0ms)
			ExecutionOrderSort2 (0ms)
			AwakeInstancesAfterBackupRestoration (14ms)
Platform modules already initialized, skipping
Refreshing native plugins compatible for Editor in 1.90 ms, found 2 plugins.
Preloading 0 native plugins for Editor in 0.00 ms.
Unloading 5677 Unused Serialized files (Serialized files now loaded: 0)
Unloading 38 unused Assets / (1.2 MB). Loaded Objects now: 6255.
Memory consumption went from 222.6 MB to 221.3 MB.
Total: 3.671500 ms (FindLiveObjects: 0.387100 ms CreateObjectMapping: 0.145300 ms MarkObjects: 2.649300 ms  DeleteObjects: 0.489000 ms)

AssetImportParameters requested are different than current active one (requested -> active):
  custom:video-decoder-ogg-theora: a1e56fd34408186e4bbccfd4996cb3dc -> 
  custom:container-muxer-webm: aa71ff27fc2769a1b78a27578f13a17b -> 
  custom:container-demuxer-webm: 4f35f7cbe854078d1ac9338744f61a02 -> 
  custom:video-encoder-webm-vp8: eb34c28f22e8b96e1ab97ce403110664 -> 
  custom:video-codec-MediaFoundation-h265: 746d11721c4dcdbdad8f713fa42b33f4 -> 
  custom:audio-encoder-webm-vorbis: bf7c407c2cedff20999df2af8eb42d56 -> 
  custom:framework-win-MediaFoundation: 216162199b28c13a410421893ffa2e32 -> 
  custom:container-demuxer-ogg: 62fdf1f143b41e24485cea50d1cbac27 -> 
  custom:video-decoder-webm-vp8: 9c59270c3fd7afecdb556c50c9e8de78 -> 
  custom:audio-decoder-ogg-vorbis: bf7c407c2cedff20999df2af8eb42d56 -> 
========================================================================
Received Prepare
Registering precompiled user dll's ...
Registered in 0.006909 seconds.
Begin MonoManager ReloadAssembly
Symbol file LoadedFromMemory doesn't match image D:\Documents\Code\Personal-Projects\curly-unity-starter\Library\PackageCache\com.unity.visualscripting@1.8.0\Editor\VisualScripting.Core\Dependencies\YamlDotNet\Unity.VisualScripting.YamlDotNet.dll
Symbol file LoadedFromMemory doesn't match image D:\Documents\Code\Personal-Projects\curly-unity-starter\Library\PackageCache\com.unity.visualscripting@1.8.0\Editor\VisualScripting.Core\Dependencies\DotNetZip\Unity.VisualScripting.IonicZip.dll
Native extension for WindowsStandalone target not found
Refreshing native plugins compatible for Editor in 1.08 ms, found 2 plugins.
Preloading 0 native plugins for Editor in 0.00 ms.
Mono: successfully reloaded assembly
- Completed reload, in  0.950 seconds
Domain Reload Profiling:
	ReloadAssembly (951ms)
		BeginReloadAssembly (115ms)
			ExecutionOrderSort (0ms)
			DisableScriptedObjects (6ms)
			BackupInstance (0ms)
			ReleaseScriptingObjects (0ms)
			CreateAndSetChildDomain (32ms)
		EndReloadAssembly (749ms)
			LoadAssemblies (72ms)
			RebuildTransferFunctionScriptingTraits (0ms)
			SetupTypeCache (191ms)
			ReleaseScriptCaches (2ms)
			RebuildScriptCaches (39ms)
			SetupLoadedEditorAssemblies (386ms)
				LogAssemblyErrors (0ms)
				InitializePlatformSupportModulesInManaged (4ms)
				SetLoadedEditorAssemblies (0ms)
				RefreshPlugins (1ms)
				BeforeProcessingInitializeOnLoad (74ms)
				ProcessInitializeOnLoadAttributes (163ms)
				ProcessInitializeOnLoadMethodAttributes (138ms)
				AfterProcessingInitializeOnLoad (6ms)
				EditorAssembliesLoaded (0ms)
			ExecutionOrderSort2 (0ms)
			AwakeInstancesAfterBackupRestoration (13ms)
Platform modules already initialized, skipping
Refreshing native plugins compatible for Editor in 2.17 ms, found 2 plugins.
Preloading 0 native plugins for Editor in 0.00 ms.
Unloading 5677 Unused Serialized files (Serialized files now loaded: 0)
Unloading 38 unused Assets / (1.2 MB). Loaded Objects now: 6258.
Memory consumption went from 222.6 MB to 221.4 MB.
Total: 3.922300 ms (FindLiveObjects: 0.512700 ms CreateObjectMapping: 0.161300 ms MarkObjects: 2.733200 ms  DeleteObjects: 0.514300 ms)

AssetImportParameters requested are different than current active one (requested -> active):
  custom:video-decoder-ogg-theora: a1e56fd34408186e4bbccfd4996cb3dc -> 
  custom:container-muxer-webm: aa71ff27fc2769a1b78a27578f13a17b -> 
  custom:container-demuxer-webm: 4f35f7cbe854078d1ac9338744f61a02 -> 
  custom:video-encoder-webm-vp8: eb34c28f22e8b96e1ab97ce403110664 -> 
  custom:video-codec-MediaFoundation-h265: 746d11721c4dcdbdad8f713fa42b33f4 -> 
  custom:audio-encoder-webm-vorbis: bf7c407c2cedff20999df2af8eb42d56 -> 
  custom:framework-win-MediaFoundation: 216162199b28c13a410421893ffa2e32 -> 
  custom:container-demuxer-ogg: 62fdf1f143b41e24485cea50d1cbac27 -> 
  custom:video-decoder-webm-vp8: 9c59270c3fd7afecdb556c50c9e8de78 -> 
  custom:audio-decoder-ogg-vorbis: bf7c407c2cedff20999df2af8eb42d56 -> 
========================================================================
Received Prepare
Registering precompiled user dll's ...
Registered in 0.003105 seconds.
Begin MonoManager ReloadAssembly
Symbol file LoadedFromMemory doesn't match image D:\Documents\Code\Personal-Projects\curly-unity-starter\Library\PackageCache\com.unity.visualscripting@1.8.0\Editor\VisualScripting.Core\Dependencies\YamlDotNet\Unity.VisualScripting.YamlDotNet.dll
Symbol file LoadedFromMemory doesn't match image D:\Documents\Code\Personal-Projects\curly-unity-starter\Library\PackageCache\com.unity.visualscripting@1.8.0\Editor\VisualScripting.Core\Dependencies\DotNetZip\Unity.VisualScripting.IonicZip.dll
Native extension for WindowsStandalone target not found
Refreshing native plugins compatible for Editor in 1.02 ms, found 2 plugins.
Preloading 0 native plugins for Editor in 0.00 ms.
Mono: successfully reloaded assembly
- Completed reload, in  1.009 seconds
Domain Reload Profiling:
	ReloadAssembly (1010ms)
		BeginReloadAssembly (137ms)
			ExecutionOrderSort (0ms)
			DisableScriptedObjects (8ms)
			BackupInstance (0ms)
			ReleaseScriptingObjects (0ms)
			CreateAndSetChildDomain (43ms)
		EndReloadAssembly (785ms)
			LoadAssemblies (78ms)
			RebuildTransferFunctionScriptingTraits (0ms)
			SetupTypeCache (188ms)
			ReleaseScriptCaches (2ms)
			RebuildScriptCaches (41ms)
			SetupLoadedEditorAssemblies (430ms)
				LogAssemblyErrors (0ms)
				InitializePlatformSupportModulesInManaged (4ms)
				SetLoadedEditorAssemblies (0ms)
				RefreshPlugins (1ms)
				BeforeProcessingInitializeOnLoad (85ms)
				ProcessInitializeOnLoadAttributes (183ms)
				ProcessInitializeOnLoadMethodAttributes (149ms)
				AfterProcessingInitializeOnLoad (6ms)
				EditorAssembliesLoaded (0ms)
			ExecutionOrderSort2 (0ms)
			AwakeInstancesAfterBackupRestoration (12ms)
Platform modules already initialized, skipping
Refreshing native plugins compatible for Editor in 1.78 ms, found 2 plugins.
Preloading 0 native plugins for Editor in 0.00 ms.
Unloading 5677 Unused Serialized files (Serialized files now loaded: 0)
Unloading 38 unused Assets / (1.2 MB). Loaded Objects now: 6261.
Memory consumption went from 222.6 MB to 221.4 MB.
Total: 3.815200 ms (FindLiveObjects: 0.355100 ms CreateObjectMapping: 0.125000 ms MarkObjects: 2.848600 ms  DeleteObjects: 0.485300 ms)

AssetImportParameters requested are different than current active one (requested -> active):
  custom:video-decoder-ogg-theora: a1e56fd34408186e4bbccfd4996cb3dc -> 
  custom:container-muxer-webm: aa71ff27fc2769a1b78a27578f13a17b -> 
  custom:container-demuxer-webm: 4f35f7cbe854078d1ac9338744f61a02 -> 
  custom:video-encoder-webm-vp8: eb34c28f22e8b96e1ab97ce403110664 -> 
  custom:video-codec-MediaFoundation-h265: 746d11721c4dcdbdad8f713fa42b33f4 -> 
  custom:audio-encoder-webm-vorbis: bf7c407c2cedff20999df2af8eb42d56 -> 
  custom:framework-win-MediaFoundation: 216162199b28c13a410421893ffa2e32 -> 
  custom:container-demuxer-ogg: 62fdf1f143b41e24485cea50d1cbac27 -> 
  custom:video-decoder-webm-vp8: 9c59270c3fd7afecdb556c50c9e8de78 -> 
  custom:audio-decoder-ogg-vorbis: bf7c407c2cedff20999df2af8eb42d56 -> 
========================================================================
Received Prepare
Registering precompiled user dll's ...
Registered in 0.002708 seconds.
Begin MonoManager ReloadAssembly
Symbol file LoadedFromMemory doesn't match image D:\Documents\Code\Personal-Projects\curly-unity-starter\Library\PackageCache\com.unity.visualscripting@1.8.0\Editor\VisualScripting.Core\Dependencies\YamlDotNet\Unity.VisualScripting.YamlDotNet.dll
Symbol file LoadedFromMemory doesn't match image D:\Documents\Code\Personal-Projects\curly-unity-starter\Library\PackageCache\com.unity.visualscripting@1.8.0\Editor\VisualScripting.Core\Dependencies\DotNetZip\Unity.VisualScripting.IonicZip.dll
Native extension for WindowsStandalone target not found
Refreshing native plugins compatible for Editor in 1.68 ms, found 2 plugins.
Preloading 0 native plugins for Editor in 0.00 ms.
Mono: successfully reloaded assembly
- Completed reload, in  0.999 seconds
Domain Reload Profiling:
	ReloadAssembly (1000ms)
		BeginReloadAssembly (121ms)
			ExecutionOrderSort (0ms)
			DisableScriptedObjects (8ms)
			BackupInstance (0ms)
			ReleaseScriptingObjects (0ms)
			CreateAndSetChildDomain (34ms)
		EndReloadAssembly (794ms)
			LoadAssemblies (79ms)
			RebuildTransferFunctionScriptingTraits (0ms)
			SetupTypeCache (200ms)
			ReleaseScriptCaches (2ms)
			RebuildScriptCaches (43ms)
			SetupLoadedEditorAssemblies (417ms)
				LogAssemblyErrors (0ms)
				InitializePlatformSupportModulesInManaged (4ms)
				SetLoadedEditorAssemblies (1ms)
				RefreshPlugins (2ms)
				BeforeProcessingInitializeOnLoad (81ms)
				ProcessInitializeOnLoadAttributes (179ms)
				ProcessInitializeOnLoadMethodAttributes (144ms)
				AfterProcessingInitializeOnLoad (6ms)
				EditorAssembliesLoaded (0ms)
			ExecutionOrderSort2 (0ms)
			AwakeInstancesAfterBackupRestoration (13ms)
Platform modules already initialized, skipping
Refreshing native plugins compatible for Editor in 2.99 ms, found 2 plugins.
Preloading 0 native plugins for Editor in 0.00 ms.
Unloading 5677 Unused Serialized files (Serialized files now loaded: 0)
Unloading 38 unused Assets / (1.2 MB). Loaded Objects now: 6264.
Memory consumption went from 222.6 MB to 221.4 MB.
Total: 5.188200 ms (FindLiveObjects: 0.471400 ms CreateObjectMapping: 0.148900 ms MarkObjects: 3.710700 ms  DeleteObjects: 0.856300 ms)

AssetImportParameters requested are different than current active one (requested -> active):
  custom:video-decoder-ogg-theora: a1e56fd34408186e4bbccfd4996cb3dc -> 
  custom:container-muxer-webm: aa71ff27fc2769a1b78a27578f13a17b -> 
  custom:container-demuxer-webm: 4f35f7cbe854078d1ac9338744f61a02 -> 
  custom:video-encoder-webm-vp8: eb34c28f22e8b96e1ab97ce403110664 -> 
  custom:video-codec-MediaFoundation-h265: 746d11721c4dcdbdad8f713fa42b33f4 -> 
  custom:audio-encoder-webm-vorbis: bf7c407c2cedff20999df2af8eb42d56 -> 
  custom:framework-win-MediaFoundation: 216162199b28c13a410421893ffa2e32 -> 
  custom:container-demuxer-ogg: 62fdf1f143b41e24485cea50d1cbac27 -> 
  custom:video-decoder-webm-vp8: 9c59270c3fd7afecdb556c50c9e8de78 -> 
  custom:audio-decoder-ogg-vorbis: bf7c407c2cedff20999df2af8eb42d56 -> 
